[ 2018-01-18T22:44:00+08:00 ] 124.118.252.227 /web/haval/index.php/Home/Index/code
INFO: [ app_init ] --START--
INFO: Run Behavior\BuildLiteBehavior [ RunTime:0.000000s ]
INFO: [ app_init ] --END-- [ RunTime:0.000000s ]
INFO: [ app_begin ] --START--
INFO: Run Behavior\ReadHtmlCacheBehavior [ RunTime:0.000000s ]
INFO: [ app_begin ] --END-- [ RunTime:0.000000s ]
INFO: [ app_end ] --START--
INFO: Run Behavior\ShowPageTraceBehavior [ RunTime:0.000000s ]
INFO: [ app_end ] --END-- [ RunTime:0.000000s ]

[ 2018-01-18T22:44:02+08:00 ] 124.118.252.227 /web/haval/?code=021Yqbwf12ptey02Atxf1Wdiwf1Yqbwm&state=1
INFO: [ app_init ] --START--
INFO: Run Behavior\BuildLiteBehavior [ RunTime:0.000000s ]
INFO: [ app_init ] --END-- [ RunTime:0.000000s ]
INFO: [ app_begin ] --START--
INFO: Run Behavior\ReadHtmlCacheBehavior [ RunTime:0.000000s ]
INFO: [ app_begin ] --END-- [ RunTime:0.000000s ]
SQL: SHOW COLUMNS FROM `sw_user` [ RunTime:0.0469s ]
SQL: SELECT * FROM `sw_user` WHERE ( openid='oFW0i0kGOQ-kTDJ02oTqIB-j5_8M' ) LIMIT 1   [ RunTime:0.0156s ]
INFO: [ view_parse ] --START--
INFO: [ template_filter ] --START--
INFO: Run Behavior\ContentReplaceBehavior [ RunTime:0.000000s ]
INFO: [ template_filter ] --END-- [ RunTime:0.000000s ]
INFO: Run Behavior\ParseTemplateBehavior [ RunTime:0.015626s ]
INFO: [ view_parse ] --END-- [ RunTime:0.015626s ]
INFO: [ view_filter ] --START--
INFO: Run Behavior\WriteHtmlCacheBehavior [ RunTime:0.000000s ]
INFO: [ view_filter ] --END-- [ RunTime:0.000000s ]
INFO: [ app_end ] --START--
INFO: Run Behavior\ShowPageTraceBehavior [ RunTime:0.000000s ]
INFO: [ app_end ] --END-- [ RunTime:0.000000s ]

[ 2018-01-18T22:44:10+08:00 ] 124.118.252.227 /web/haval/index.php/Home/Index/logo3.html
INFO: [ app_init ] --START--
INFO: Run Behavior\BuildLiteBehavior [ RunTime:0.000000s ]
INFO: [ app_init ] --END-- [ RunTime:0.000000s ]
INFO: [ app_begin ] --START--
INFO: Run Behavior\ReadHtmlCacheBehavior [ RunTime:0.000000s ]
INFO: [ app_begin ] --END-- [ RunTime:0.000000s ]
SQL: SHOW COLUMNS FROM `sw_carbrand` [ RunTime:0.0000s ]
SQL: SELECT `firstword` FROM `sw_carbrand` GROUP BY firstword  [ RunTime:0.0000s ]
SQL: SELECT * FROM `sw_carbrand` WHERE ( firstword='A' )  [ RunTime:0.0000s ]
SQL: SELECT * FROM `sw_carbrand` WHERE ( firstword='B' )  [ RunTime:0.0000s ]
SQL: SELECT * FROM `sw_carbrand` WHERE ( firstword='C' )  [ RunTime:0.0000s ]
SQL: SELECT * FROM `sw_carbrand` WHERE ( firstword='D' )  [ RunTime:0.0000s ]
SQL: SELECT * FROM `sw_carbrand` WHERE ( firstword='F' )  [ RunTime:0.0000s ]
SQL: SELECT * FROM `sw_carbrand` WHERE ( firstword='G' )  [ RunTime:0.0000s ]
SQL: SELECT * FROM `sw_carbrand` WHERE ( firstword='H' )  [ RunTime:0.0000s ]
SQL: SELECT * FROM `sw_carbrand` WHERE ( firstword='J' )  [ RunTime:0.0000s ]
SQL: SELECT * FROM `sw_carbrand` WHERE ( firstword='K' )  [ RunTime:0.0000s ]
SQL: SELECT * FROM `sw_carbrand` WHERE ( firstword='L' )  [ RunTime:0.0000s ]
SQL: SELECT * FROM `sw_carbrand` WHERE ( firstword='M' )  [ RunTime:0.0000s ]
SQL: SELECT * FROM `sw_carbrand` WHERE ( firstword='N' )  [ RunTime:0.0156s ]
SQL: SELECT * FROM `sw_carbrand` WHERE ( firstword='Q' )  [ RunTime:0.0000s ]
SQL: SELECT * FROM `sw_carbrand` WHERE ( firstword='R' )  [ RunTime:0.0000s ]
SQL: SELECT * FROM `sw_carbrand` WHERE ( firstword='s' )  [ RunTime:0.0000s ]
SQL: SELECT * FROM `sw_carbrand` WHERE ( firstword='W' )  [ RunTime:0.0000s ]
SQL: SELECT * FROM `sw_carbrand` WHERE ( firstword='X' )  [ RunTime:0.0000s ]
SQL: SELECT * FROM `sw_carbrand` WHERE ( firstword='Y' )  [ RunTime:0.0000s ]
SQL: SELECT * FROM `sw_carbrand` WHERE ( firstword='Z' )  [ RunTime:0.0000s ]
INFO: [ view_parse ] --START--
INFO: [ template_filter ] --START--
INFO: Run Behavior\ContentReplaceBehavior [ RunTime:0.000000s ]
INFO: [ template_filter ] --END-- [ RunTime:0.000000s ]
INFO: Run Behavior\ParseTemplateBehavior [ RunTime:0.015625s ]
INFO: [ view_parse ] --END-- [ RunTime:0.015625s ]
INFO: [ view_filter ] --START--
INFO: Run Behavior\WriteHtmlCacheBehavior [ RunTime:0.000000s ]
INFO: [ view_filter ] --END-- [ RunTime:0.000000s ]
INFO: [ app_end ] --START--
INFO: Run Behavior\ShowPageTraceBehavior [ RunTime:0.000000s ]
INFO: [ app_end ] --END-- [ RunTime:0.000000s ]

[ 2018-01-18T22:44:22+08:00 ] 124.118.252.227 /web/haval/index.php/Home/Index/code
INFO: [ app_init ] --START--
INFO: Run Behavior\BuildLiteBehavior [ RunTime:0.000000s ]
INFO: [ app_init ] --END-- [ RunTime:0.000000s ]
INFO: [ app_begin ] --START--
INFO: Run Behavior\ReadHtmlCacheBehavior [ RunTime:0.000000s ]
INFO: [ app_begin ] --END-- [ RunTime:0.000000s ]
INFO: [ app_end ] --START--
INFO: Run Behavior\ShowPageTraceBehavior [ RunTime:0.000000s ]
INFO: [ app_end ] --END-- [ RunTime:0.000000s ]

[ 2018-01-18T22:44:24+08:00 ] 124.118.252.227 /web/haval/?code=061QRxmx0taQCi1tnPmx01RJmx0QRxmJ&state=1
INFO: [ app_init ] --START--
INFO: Run Behavior\BuildLiteBehavior [ RunTime:0.000000s ]
INFO: [ app_init ] --END-- [ RunTime:0.000000s ]
INFO: [ app_begin ] --START--
INFO: Run Behavior\ReadHtmlCacheBehavior [ RunTime:0.000000s ]
INFO: [ app_begin ] --END-- [ RunTime:0.000000s ]
SQL: SHOW COLUMNS FROM `sw_user` [ RunTime:0.0000s ]
SQL: SELECT * FROM `sw_user` WHERE ( openid='oFW0i0kGOQ-kTDJ02oTqIB-j5_8M' ) LIMIT 1   [ RunTime:0.0000s ]
INFO: [ view_parse ] --START--
INFO: [ template_filter ] --START--
INFO: Run Behavior\ContentReplaceBehavior [ RunTime:0.000000s ]
INFO: [ template_filter ] --END-- [ RunTime:0.000000s ]
INFO: Run Behavior\ParseTemplateBehavior [ RunTime:0.000000s ]
INFO: [ view_parse ] --END-- [ RunTime:0.000000s ]
INFO: [ view_filter ] --START--
INFO: Run Behavior\WriteHtmlCacheBehavior [ RunTime:0.000000s ]
INFO: [ view_filter ] --END-- [ RunTime:0.000000s ]
INFO: [ app_end ] --START--
INFO: Run Behavior\ShowPageTraceBehavior [ RunTime:0.000000s ]
INFO: [ app_end ] --END-- [ RunTime:0.000000s ]

[ 2018-01-18T22:44:27+08:00 ] 124.118.252.227 /web/haval/index.php/Home/Index/logo2?shijia=0
INFO: [ app_init ] --START--
INFO: Run Behavior\BuildLiteBehavior [ RunTime:0.000000s ]
INFO: [ app_init ] --END-- [ RunTime:0.015625s ]
INFO: [ app_begin ] --START--
INFO: Run Behavior\ReadHtmlCacheBehavior [ RunTime:0.000000s ]
INFO: [ app_begin ] --END-- [ RunTime:0.000000s ]
SQL: SHOW COLUMNS FROM `sw_carbrand` [ RunTime:0.0156s ]
SQL: SELECT `firstword` FROM `sw_carbrand` WHERE ( carname like '%哈弗%' ) GROUP BY firstword  [ RunTime:0.0000s ]
SQL: SELECT * FROM `sw_carbrand` WHERE ( carname like '%哈弗%' )  [ RunTime:0.0000s ]
INFO: [ view_parse ] --START--
INFO: [ template_filter ] --START--
INFO: Run Behavior\ContentReplaceBehavior [ RunTime:0.000000s ]
INFO: [ template_filter ] --END-- [ RunTime:0.000000s ]
INFO: Run Behavior\ParseTemplateBehavior [ RunTime:0.000000s ]
INFO: [ view_parse ] --END-- [ RunTime:0.000000s ]
INFO: [ view_filter ] --START--
INFO: Run Behavior\WriteHtmlCacheBehavior [ RunTime:0.000000s ]
INFO: [ view_filter ] --END-- [ RunTime:0.000000s ]
INFO: [ app_end ] --START--
INFO: Run Behavior\ShowPageTraceBehavior [ RunTime:0.000000s ]
INFO: [ app_end ] --END-- [ RunTime:0.000000s ]

[ 2018-01-18T22:44:29+08:00 ] 124.118.252.227 /web/haval/?code=061QRxmx0taQCi1tnPmx01RJmx0QRxmJ&state=1
INFO: [ app_init ] --START--
INFO: Run Behavior\BuildLiteBehavior [ RunTime:0.000000s ]
INFO: [ app_init ] --END-- [ RunTime:0.000000s ]
INFO: [ app_begin ] --START--
INFO: Run Behavior\ReadHtmlCacheBehavior [ RunTime:0.000000s ]
INFO: [ app_begin ] --END-- [ RunTime:0.000000s ]
SQL: SHOW COLUMNS FROM `sw_user` [ RunTime:0.0000s ]
NOTIC: [8] Undefined index: openid D:\WWW\haval\web\haval\Application\Home\Controller\IndexController.class.php 第 47 行.
SQL: SELECT * FROM `sw_user` WHERE ( openid='' ) LIMIT 1   [ RunTime:0.0000s ]
NOTIC: [8] Undefined index: subscribe D:\WWW\haval\web\haval\Application\Home\Controller\IndexController.class.php 第 78 行.
INFO: [ view_parse ] --START--
INFO: [ template_filter ] --START--
INFO: Run Behavior\ContentReplaceBehavior [ RunTime:0.000000s ]
INFO: [ template_filter ] --END-- [ RunTime:0.000000s ]
INFO: Run Behavior\ParseTemplateBehavior [ RunTime:0.015625s ]
INFO: [ view_parse ] --END-- [ RunTime:0.015625s ]
INFO: [ view_filter ] --START--
INFO: Run Behavior\WriteHtmlCacheBehavior [ RunTime:0.000000s ]
INFO: [ view_filter ] --END-- [ RunTime:0.000000s ]

[ 2018-01-18T22:44:32+08:00 ] 124.118.252.227 /web/haval/index.php/Home/Index/code
INFO: [ app_init ] --START--
INFO: Run Behavior\BuildLiteBehavior [ RunTime:0.000000s ]
INFO: [ app_init ] --END-- [ RunTime:0.000000s ]
INFO: [ app_begin ] --START--
INFO: Run Behavior\ReadHtmlCacheBehavior [ RunTime:0.000000s ]
INFO: [ app_begin ] --END-- [ RunTime:0.000000s ]
INFO: [ app_end ] --START--
INFO: Run Behavior\ShowPageTraceBehavior [ RunTime:0.000000s ]
INFO: [ app_end ] --END-- [ RunTime:0.000000s ]

[ 2018-01-18T22:44:34+08:00 ] 124.118.252.227 /web/haval/?code=061Tnwhj2nUDeF0BGKhj2R3shj2TnwhA&state=1
INFO: [ app_init ] --START--
INFO: Run Behavior\BuildLiteBehavior [ RunTime:0.000000s ]
INFO: [ app_init ] --END-- [ RunTime:0.000000s ]
INFO: [ app_begin ] --START--
INFO: Run Behavior\ReadHtmlCacheBehavior [ RunTime:0.000000s ]
INFO: [ app_begin ] --END-- [ RunTime:0.000000s ]
SQL: SHOW COLUMNS FROM `sw_user` [ RunTime:0.0000s ]
SQL: SELECT * FROM `sw_user` WHERE ( openid='oFW0i0kGOQ-kTDJ02oTqIB-j5_8M' ) LIMIT 1   [ RunTime:0.0000s ]
INFO: [ view_parse ] --START--
INFO: [ template_filter ] --START--
INFO: Run Behavior\ContentReplaceBehavior [ RunTime:0.015625s ]
INFO: [ template_filter ] --END-- [ RunTime:0.015625s ]
INFO: Run Behavior\ParseTemplateBehavior [ RunTime:0.015625s ]
INFO: [ view_parse ] --END-- [ RunTime:0.015625s ]
INFO: [ view_filter ] --START--
INFO: Run Behavior\WriteHtmlCacheBehavior [ RunTime:0.000000s ]
INFO: [ view_filter ] --END-- [ RunTime:0.000000s ]
INFO: [ app_end ] --START--
INFO: Run Behavior\ShowPageTraceBehavior [ RunTime:0.000000s ]
INFO: [ app_end ] --END-- [ RunTime:0.000000s ]

[ 2018-01-18T22:44:36+08:00 ] 124.118.252.227 /web/haval/index.php/Home/Index/logo4?bytype=0
INFO: [ app_init ] --START--
INFO: Run Behavior\BuildLiteBehavior [ RunTime:0.000000s ]
INFO: [ app_init ] --END-- [ RunTime:0.000000s ]
INFO: [ app_begin ] --START--
INFO: Run Behavior\ReadHtmlCacheBehavior [ RunTime:0.000000s ]
INFO: [ app_begin ] --END-- [ RunTime:0.000000s ]
SQL: SHOW COLUMNS FROM `sw_carbrand` [ RunTime:0.0000s ]
SQL: SELECT `firstword` FROM `sw_carbrand` GROUP BY firstword  [ RunTime:0.0000s ]
SQL: SELECT * FROM `sw_carbrand` WHERE ( firstword='A' )  [ RunTime:0.0000s ]
SQL: SELECT * FROM `sw_carbrand` WHERE ( firstword='B' )  [ RunTime:0.0000s ]
SQL: SELECT * FROM `sw_carbrand` WHERE ( firstword='C' )  [ RunTime:0.0000s ]
SQL: SELECT * FROM `sw_carbrand` WHERE ( firstword='D' )  [ RunTime:0.0000s ]
SQL: SELECT * FROM `sw_carbrand` WHERE ( firstword='F' )  [ RunTime:0.0000s ]
SQL: SELECT * FROM `sw_carbrand` WHERE ( firstword='G' )  [ RunTime:0.0000s ]
SQL: SELECT * FROM `sw_carbrand` WHERE ( firstword='H' )  [ RunTime:0.0000s ]
SQL: SELECT * FROM `sw_carbrand` WHERE ( firstword='J' )  [ RunTime:0.0000s ]
SQL: SELECT * FROM `sw_carbrand` WHERE ( firstword='K' )  [ RunTime:0.0000s ]
SQL: SELECT * FROM `sw_carbrand` WHERE ( firstword='L' )  [ RunTime:0.0000s ]
SQL: SELECT * FROM `sw_carbrand` WHERE ( firstword='M' )  [ RunTime:0.0000s ]
SQL: SELECT * FROM `sw_carbrand` WHERE ( firstword='N' )  [ RunTime:0.0000s ]
SQL: SELECT * FROM `sw_carbrand` WHERE ( firstword='Q' )  [ RunTime:0.0000s ]
SQL: SELECT * FROM `sw_carbrand` WHERE ( firstword='R' )  [ RunTime:0.0000s ]
SQL: SELECT * FROM `sw_carbrand` WHERE ( firstword='s' )  [ RunTime:0.0000s ]
SQL: SELECT * FROM `sw_carbrand` WHERE ( firstword='W' )  [ RunTime:0.0000s ]
SQL: SELECT * FROM `sw_carbrand` WHERE ( firstword='X' )  [ RunTime:0.0000s ]
SQL: SELECT * FROM `sw_carbrand` WHERE ( firstword='Y' )  [ RunTime:0.0000s ]
SQL: SELECT * FROM `sw_carbrand` WHERE ( firstword='Z' )  [ RunTime:0.0000s ]
INFO: [ view_parse ] --START--
INFO: [ template_filter ] --START--
INFO: Run Behavior\ContentReplaceBehavior [ RunTime:0.000000s ]
INFO: [ template_filter ] --END-- [ RunTime:0.000000s ]
INFO: Run Behavior\ParseTemplateBehavior [ RunTime:0.015625s ]
INFO: [ view_parse ] --END-- [ RunTime:0.015625s ]
INFO: [ view_filter ] --START--
INFO: Run Behavior\WriteHtmlCacheBehavior [ RunTime:0.015625s ]
INFO: [ view_filter ] --END-- [ RunTime:0.015625s ]
INFO: [ app_end ] --START--
INFO: Run Behavior\ShowPageTraceBehavior [ RunTime:0.000000s ]
INFO: [ app_end ] --END-- [ RunTime:0.000000s ]

[ 2018-01-18T22:44:43+08:00 ] 124.118.252.227 /web/haval/?code=061Tnwhj2nUDeF0BGKhj2R3shj2TnwhA&state=1
INFO: [ app_init ] --START--
INFO: Run Behavior\BuildLiteBehavior [ RunTime:0.000000s ]
INFO: [ app_init ] --END-- [ RunTime:0.000000s ]
INFO: [ app_begin ] --START--
INFO: Run Behavior\ReadHtmlCacheBehavior [ RunTime:0.000000s ]
INFO: [ app_begin ] --END-- [ RunTime:0.000000s ]
SQL: SHOW COLUMNS FROM `sw_user` [ RunTime:0.0000s ]
NOTIC: [8] Undefined index: openid D:\WWW\haval\web\haval\Application\Home\Controller\IndexController.class.php 第 47 行.
SQL: SELECT * FROM `sw_user` WHERE ( openid='' ) LIMIT 1   [ RunTime:0.0000s ]
NOTIC: [8] Undefined index: subscribe D:\WWW\haval\web\haval\Application\Home\Controller\IndexController.class.php 第 78 行.
INFO: [ view_parse ] --START--
INFO: [ template_filter ] --START--
INFO: Run Behavior\ContentReplaceBehavior [ RunTime:0.000000s ]
INFO: [ template_filter ] --END-- [ RunTime:0.000000s ]
INFO: Run Behavior\ParseTemplateBehavior [ RunTime:0.015625s ]
INFO: [ view_parse ] --END-- [ RunTime:0.015625s ]
INFO: [ view_filter ] --START--
INFO: Run Behavior\WriteHtmlCacheBehavior [ RunTime:0.000000s ]
INFO: [ view_filter ] --END-- [ RunTime:0.000000s ]

[ 2018-01-18T22:45:36+08:00 ] 183.192.201.97 /web/haval/index.php/Home/Index/logo4?bytype=0
INFO: [ app_init ] --START--
INFO: Run Behavior\BuildLiteBehavior [ RunTime:0.000000s ]
INFO: [ app_init ] --END-- [ RunTime:0.000000s ]
INFO: [ app_begin ] --START--
INFO: Run Behavior\ReadHtmlCacheBehavior [ RunTime:0.000000s ]
INFO: [ app_begin ] --END-- [ RunTime:0.000000s ]

