[ 2018-01-08T12:40:57+08:00 ] 124.93.196.9 /web/haval/index.php/Home/Index/code
INFO: [ app_init ] --START--
INFO: Run Behavior\BuildLiteBehavior [ RunTime:0.000000s ]
INFO: [ app_init ] --END-- [ RunTime:0.000000s ]
INFO: [ app_begin ] --START--
INFO: Run Behavior\ReadHtmlCacheBehavior [ RunTime:0.000000s ]
INFO: [ app_begin ] --END-- [ RunTime:0.000000s ]
INFO: [ app_end ] --START--
INFO: Run Behavior\ShowPageTraceBehavior [ RunTime:0.000000s ]
INFO: [ app_end ] --END-- [ RunTime:0.000000s ]

[ 2018-01-08T12:40:59+08:00 ] 124.93.196.9 /web/haval/?code=061Rrbs00Tv2qE1C7Nr00B2os00Rrbsy&state=1
INFO: [ app_init ] --START--
INFO: Run Behavior\BuildLiteBehavior [ RunTime:0.000000s ]
INFO: [ app_init ] --END-- [ RunTime:0.000000s ]
INFO: [ app_begin ] --START--
INFO: Run Behavior\ReadHtmlCacheBehavior [ RunTime:0.000000s ]
INFO: [ app_begin ] --END-- [ RunTime:0.000000s ]
SQL: SHOW COLUMNS FROM `sw_user` [ RunTime:0.0313s ]
SQL: SELECT * FROM `sw_user` WHERE ( openid='oFW0i0iT-x22STr3esVIc4T9lTMo' ) LIMIT 1   [ RunTime:0.0000s ]
INFO: [ view_parse ] --START--
INFO: [ template_filter ] --START--
INFO: Run Behavior\ContentReplaceBehavior [ RunTime:0.000000s ]
INFO: [ template_filter ] --END-- [ RunTime:0.000000s ]
INFO: Run Behavior\ParseTemplateBehavior [ RunTime:0.015625s ]
INFO: [ view_parse ] --END-- [ RunTime:0.015625s ]
INFO: [ view_filter ] --START--
INFO: Run Behavior\WriteHtmlCacheBehavior [ RunTime:0.000000s ]
INFO: [ view_filter ] --END-- [ RunTime:0.000000s ]
INFO: [ app_end ] --START--
INFO: Run Behavior\ShowPageTraceBehavior [ RunTime:0.000000s ]
INFO: [ app_end ] --END-- [ RunTime:0.000000s ]

[ 2018-01-08T12:41:04+08:00 ] 124.93.196.9 /web/haval/index.php/Home/Index/logo3.html
INFO: [ app_init ] --START--
INFO: Run Behavior\BuildLiteBehavior [ RunTime:0.000000s ]
INFO: [ app_init ] --END-- [ RunTime:0.000000s ]
INFO: [ app_begin ] --START--
INFO: Run Behavior\ReadHtmlCacheBehavior [ RunTime:0.000000s ]
INFO: [ app_begin ] --END-- [ RunTime:0.000000s ]
SQL: SHOW COLUMNS FROM `sw_carbrand` [ RunTime:0.0000s ]
SQL: SELECT `firstword` FROM `sw_carbrand` GROUP BY firstword  [ RunTime:0.0000s ]
SQL: SELECT * FROM `sw_carbrand` WHERE ( firstword='A' )  [ RunTime:0.0000s ]
SQL: SELECT * FROM `sw_carbrand` WHERE ( firstword='B' )  [ RunTime:0.0000s ]
SQL: SELECT * FROM `sw_carbrand` WHERE ( firstword='C' )  [ RunTime:0.0000s ]
SQL: SELECT * FROM `sw_carbrand` WHERE ( firstword='D' )  [ RunTime:0.0000s ]
SQL: SELECT * FROM `sw_carbrand` WHERE ( firstword='F' )  [ RunTime:0.0000s ]
SQL: SELECT * FROM `sw_carbrand` WHERE ( firstword='G' )  [ RunTime:0.0000s ]
SQL: SELECT * FROM `sw_carbrand` WHERE ( firstword='H' )  [ RunTime:0.0000s ]
SQL: SELECT * FROM `sw_carbrand` WHERE ( firstword='J' )  [ RunTime:0.0000s ]
SQL: SELECT * FROM `sw_carbrand` WHERE ( firstword='K' )  [ RunTime:0.0000s ]
SQL: SELECT * FROM `sw_carbrand` WHERE ( firstword='L' )  [ RunTime:0.0000s ]
SQL: SELECT * FROM `sw_carbrand` WHERE ( firstword='M' )  [ RunTime:0.0000s ]
SQL: SELECT * FROM `sw_carbrand` WHERE ( firstword='N' )  [ RunTime:0.0000s ]
SQL: SELECT * FROM `sw_carbrand` WHERE ( firstword='Q' )  [ RunTime:0.0000s ]
SQL: SELECT * FROM `sw_carbrand` WHERE ( firstword='R' )  [ RunTime:0.0000s ]
SQL: SELECT * FROM `sw_carbrand` WHERE ( firstword='s' )  [ RunTime:0.0000s ]
SQL: SELECT * FROM `sw_carbrand` WHERE ( firstword='W' )  [ RunTime:0.0000s ]
SQL: SELECT * FROM `sw_carbrand` WHERE ( firstword='X' )  [ RunTime:0.0000s ]
SQL: SELECT * FROM `sw_carbrand` WHERE ( firstword='Y' )  [ RunTime:0.0000s ]
SQL: SELECT * FROM `sw_carbrand` WHERE ( firstword='Z' )  [ RunTime:0.0000s ]
INFO: [ view_parse ] --START--
INFO: [ template_filter ] --START--
INFO: Run Behavior\ContentReplaceBehavior [ RunTime:0.000000s ]
INFO: [ template_filter ] --END-- [ RunTime:0.000000s ]
INFO: Run Behavior\ParseTemplateBehavior [ RunTime:0.000000s ]
INFO: [ view_parse ] --END-- [ RunTime:0.000000s ]
INFO: [ view_filter ] --START--
INFO: Run Behavior\WriteHtmlCacheBehavior [ RunTime:0.000000s ]
INFO: [ view_filter ] --END-- [ RunTime:0.000000s ]
INFO: [ app_end ] --START--
INFO: Run Behavior\ShowPageTraceBehavior [ RunTime:0.000000s ]
INFO: [ app_end ] --END-- [ RunTime:0.000000s ]

[ 2018-01-08T12:41:05+08:00 ] 124.93.196.9 /web/haval/index.php/Home/Index/asdmd3?id=24
INFO: [ app_init ] --START--
INFO: Run Behavior\BuildLiteBehavior [ RunTime:0.000000s ]
INFO: [ app_init ] --END-- [ RunTime:0.000000s ]
INFO: [ app_begin ] --START--
INFO: Run Behavior\ReadHtmlCacheBehavior [ RunTime:0.000000s ]
INFO: [ app_begin ] --END-- [ RunTime:0.000000s ]
SQL: SHOW COLUMNS FROM `sw_carmodel` [ RunTime:0.0000s ]
SQL: SHOW COLUMNS FROM `sw_carbrand` [ RunTime:0.0000s ]
SQL: SELECT * FROM sw_carbrand carbrand,sw_carmodel carmodel WHERE ( carbrand.id=carmodel.bid and bid='24' )  [ RunTime:0.0000s ]
INFO: [ view_parse ] --START--
INFO: [ template_filter ] --START--
INFO: Run Behavior\ContentReplaceBehavior [ RunTime:0.000000s ]
INFO: [ template_filter ] --END-- [ RunTime:0.000000s ]
INFO: Run Behavior\ParseTemplateBehavior [ RunTime:0.015625s ]
INFO: [ view_parse ] --END-- [ RunTime:0.015625s ]
INFO: [ view_filter ] --START--
INFO: Run Behavior\WriteHtmlCacheBehavior [ RunTime:0.000000s ]
INFO: [ view_filter ] --END-- [ RunTime:0.000000s ]
INFO: [ app_end ] --START--
INFO: Run Behavior\ShowPageTraceBehavior [ RunTime:0.000000s ]
INFO: [ app_end ] --END-- [ RunTime:0.000000s ]

[ 2018-01-08T12:41:06+08:00 ] 124.93.196.9 /web/haval/index.php/Home/Index/logo3.html
INFO: [ app_init ] --START--
INFO: Run Behavior\BuildLiteBehavior [ RunTime:0.000000s ]
INFO: [ app_init ] --END-- [ RunTime:0.000000s ]
INFO: [ app_begin ] --START--
INFO: Run Behavior\ReadHtmlCacheBehavior [ RunTime:0.000000s ]
INFO: [ app_begin ] --END-- [ RunTime:0.000000s ]
SQL: SHOW COLUMNS FROM `sw_carbrand` [ RunTime:0.0000s ]
SQL: SELECT `firstword` FROM `sw_carbrand` GROUP BY firstword  [ RunTime:0.0000s ]
SQL: SELECT * FROM `sw_carbrand` WHERE ( firstword='A' )  [ RunTime:0.0000s ]
SQL: SELECT * FROM `sw_carbrand` WHERE ( firstword='B' )  [ RunTime:0.0000s ]
SQL: SELECT * FROM `sw_carbrand` WHERE ( firstword='C' )  [ RunTime:0.0000s ]
SQL: SELECT * FROM `sw_carbrand` WHERE ( firstword='D' )  [ RunTime:0.0000s ]
SQL: SELECT * FROM `sw_carbrand` WHERE ( firstword='F' )  [ RunTime:0.0000s ]
SQL: SELECT * FROM `sw_carbrand` WHERE ( firstword='G' )  [ RunTime:0.0000s ]
SQL: SELECT * FROM `sw_carbrand` WHERE ( firstword='H' )  [ RunTime:0.0000s ]
SQL: SELECT * FROM `sw_carbrand` WHERE ( firstword='J' )  [ RunTime:0.0000s ]
SQL: SELECT * FROM `sw_carbrand` WHERE ( firstword='K' )  [ RunTime:0.0000s ]
SQL: SELECT * FROM `sw_carbrand` WHERE ( firstword='L' )  [ RunTime:0.0000s ]
SQL: SELECT * FROM `sw_carbrand` WHERE ( firstword='M' )  [ RunTime:0.0000s ]
SQL: SELECT * FROM `sw_carbrand` WHERE ( firstword='N' )  [ RunTime:0.0000s ]
SQL: SELECT * FROM `sw_carbrand` WHERE ( firstword='Q' )  [ RunTime:0.0000s ]
SQL: SELECT * FROM `sw_carbrand` WHERE ( firstword='R' )  [ RunTime:0.0156s ]
SQL: SELECT * FROM `sw_carbrand` WHERE ( firstword='s' )  [ RunTime:0.0000s ]
SQL: SELECT * FROM `sw_carbrand` WHERE ( firstword='W' )  [ RunTime:0.0000s ]
SQL: SELECT * FROM `sw_carbrand` WHERE ( firstword='X' )  [ RunTime:0.0000s ]
SQL: SELECT * FROM `sw_carbrand` WHERE ( firstword='Y' )  [ RunTime:0.0000s ]
SQL: SELECT * FROM `sw_carbrand` WHERE ( firstword='Z' )  [ RunTime:0.0000s ]
INFO: [ view_parse ] --START--
INFO: [ template_filter ] --START--
INFO: Run Behavior\ContentReplaceBehavior [ RunTime:0.000000s ]
INFO: [ template_filter ] --END-- [ RunTime:0.000000s ]
INFO: Run Behavior\ParseTemplateBehavior [ RunTime:0.000000s ]
INFO: [ view_parse ] --END-- [ RunTime:0.000000s ]
INFO: [ view_filter ] --START--
INFO: Run Behavior\WriteHtmlCacheBehavior [ RunTime:0.000000s ]
INFO: [ view_filter ] --END-- [ RunTime:0.000000s ]
INFO: [ app_end ] --START--
INFO: Run Behavior\ShowPageTraceBehavior [ RunTime:0.000000s ]
INFO: [ app_end ] --END-- [ RunTime:0.000000s ]

[ 2018-01-08T12:41:10+08:00 ] 124.93.196.9 /web/haval/index.php/Home/Index/asdmd3?id=22
INFO: [ app_init ] --START--
INFO: Run Behavior\BuildLiteBehavior [ RunTime:0.000000s ]
INFO: [ app_init ] --END-- [ RunTime:0.000000s ]
INFO: [ app_begin ] --START--
INFO: Run Behavior\ReadHtmlCacheBehavior [ RunTime:0.000000s ]
INFO: [ app_begin ] --END-- [ RunTime:0.000000s ]
SQL: SHOW COLUMNS FROM `sw_carmodel` [ RunTime:0.0000s ]
SQL: SHOW COLUMNS FROM `sw_carbrand` [ RunTime:0.0000s ]
SQL: SELECT * FROM sw_carbrand carbrand,sw_carmodel carmodel WHERE ( carbrand.id=carmodel.bid and bid='22' )  [ RunTime:0.0156s ]
INFO: [ view_parse ] --START--
INFO: [ template_filter ] --START--
INFO: Run Behavior\ContentReplaceBehavior [ RunTime:0.000000s ]
INFO: [ template_filter ] --END-- [ RunTime:0.000000s ]
INFO: Run Behavior\ParseTemplateBehavior [ RunTime:0.000000s ]
INFO: [ view_parse ] --END-- [ RunTime:0.000000s ]
INFO: [ view_filter ] --START--
INFO: Run Behavior\WriteHtmlCacheBehavior [ RunTime:0.000000s ]
INFO: [ view_filter ] --END-- [ RunTime:0.000000s ]
INFO: [ app_end ] --START--
INFO: Run Behavior\ShowPageTraceBehavior [ RunTime:0.000000s ]
INFO: [ app_end ] --END-- [ RunTime:0.000000s ]

[ 2018-01-08T12:41:11+08:00 ] 124.93.196.9 /web/haval/index.php/Home/Index/db11pl3?id=106
INFO: [ app_init ] --START--
INFO: Run Behavior\BuildLiteBehavior [ RunTime:0.000000s ]
INFO: [ app_init ] --END-- [ RunTime:0.000000s ]
INFO: [ app_begin ] --START--
INFO: Run Behavior\ReadHtmlCacheBehavior [ RunTime:0.000000s ]
INFO: [ app_begin ] --END-- [ RunTime:0.000000s ]
SQL: SHOW COLUMNS FROM `sw_displacement` [ RunTime:0.0000s ]
SQL: SHOW COLUMNS FROM `sw_carbrand` [ RunTime:0.0000s ]
SQL: SELECT * FROM sw_carbrand carbrand,sw_carmodel carmodel,sw_displacement displacement WHERE ( carbrand.id=carmodel.bid  and carmodel.mid =displacement.mid and displacement.mid='106'  and displacementname NOT  like  '%试驾%'  )  [ RunTime:0.0000s ]
INFO: [ view_parse ] --START--
INFO: [ template_filter ] --START--
INFO: Run Behavior\ContentReplaceBehavior [ RunTime:0.000000s ]
INFO: [ template_filter ] --END-- [ RunTime:0.000000s ]
INFO: Run Behavior\ParseTemplateBehavior [ RunTime:0.015625s ]
INFO: [ view_parse ] --END-- [ RunTime:0.015625s ]
INFO: [ view_filter ] --START--
INFO: Run Behavior\WriteHtmlCacheBehavior [ RunTime:0.000000s ]
INFO: [ view_filter ] --END-- [ RunTime:0.000000s ]
INFO: [ app_end ] --START--
INFO: Run Behavior\ShowPageTraceBehavior [ RunTime:0.000000s ]
INFO: [ app_end ] --END-- [ RunTime:0.000000s ]

[ 2018-01-08T12:41:12+08:00 ] 124.93.196.9 /web/haval/index.php/Home/Index/che?id=33
INFO: [ app_init ] --START--
INFO: Run Behavior\BuildLiteBehavior [ RunTime:0.000000s ]
INFO: [ app_init ] --END-- [ RunTime:0.000000s ]
INFO: [ app_begin ] --START--
INFO: Run Behavior\ReadHtmlCacheBehavior [ RunTime:0.000000s ]
INFO: [ app_begin ] --END-- [ RunTime:0.000000s ]
INFO: [ view_parse ] --START--
INFO: [ template_filter ] --START--
INFO: Run Behavior\ContentReplaceBehavior [ RunTime:0.000000s ]
INFO: [ template_filter ] --END-- [ RunTime:0.000000s ]
INFO: Run Behavior\ParseTemplateBehavior [ RunTime:0.000000s ]
INFO: [ view_parse ] --END-- [ RunTime:0.000000s ]
INFO: [ view_filter ] --START--
INFO: Run Behavior\WriteHtmlCacheBehavior [ RunTime:0.000000s ]
INFO: [ view_filter ] --END-- [ RunTime:0.000000s ]
INFO: [ app_end ] --START--
INFO: Run Behavior\ShowPageTraceBehavior [ RunTime:0.000000s ]
INFO: [ app_end ] --END-- [ RunTime:0.000000s ]

