[ 2017-12-28T13:12:58+08:00 ] 110.156.72.198 /web/haval/index.php/Admin/Index/form-amazeui.html
INFO: [ app_init ] --START--
INFO: Run Behavior\BuildLiteBehavior [ RunTime:0.000000s ]
INFO: [ app_init ] --END-- [ RunTime:0.000000s ]
INFO: [ app_begin ] --START--
INFO: Run Behavior\ReadHtmlCacheBehavior [ RunTime:0.000000s ]
INFO: [ app_begin ] --END-- [ RunTime:0.000000s ]
INFO: [ view_parse ] --START--
INFO: [ template_filter ] --START--
INFO: Run Behavior\ContentReplaceBehavior [ RunTime:0.000000s ]
INFO: [ template_filter ] --END-- [ RunTime:0.000000s ]
INFO: Run Behavior\ParseTemplateBehavior [ RunTime:0.000000s ]
INFO: [ view_parse ] --END-- [ RunTime:0.000000s ]
INFO: [ view_filter ] --START--
INFO: Run Behavior\WriteHtmlCacheBehavior [ RunTime:0.000000s ]
INFO: [ view_filter ] --END-- [ RunTime:0.000000s ]
INFO: [ app_end ] --START--
INFO: Run Behavior\ShowPageTraceBehavior [ RunTime:0.000000s ]
INFO: [ app_end ] --END-- [ RunTime:0.000000s ]

[ 2017-12-28T13:13:00+08:00 ] 110.156.72.198 /web/haval/index.php/Admin/Index/assets/i/favicon.png
INFO: [ app_init ] --START--
INFO: Run Behavior\BuildLiteBehavior [ RunTime:0.000000s ]
INFO: [ app_init ] --END-- [ RunTime:0.000000s ]

[ 2017-12-28T13:13:02+08:00 ] 110.156.72.198 /web/haval/index.php/Admin/Index/bjyuyue.html
INFO: [ app_init ] --START--
INFO: Run Behavior\BuildLiteBehavior [ RunTime:0.000000s ]
INFO: [ app_init ] --END-- [ RunTime:0.000000s ]
INFO: [ app_begin ] --START--
INFO: Run Behavior\ReadHtmlCacheBehavior [ RunTime:0.015625s ]
INFO: [ app_begin ] --END-- [ RunTime:0.015625s ]
SQL: SHOW COLUMNS FROM `sw_bjprice` [ RunTime:0.0156s ]
SQL: SHOW COLUMNS FROM `sw_displacement` [ RunTime:0.0000s ]
SQL: SHOW COLUMNS FROM `sw_carbrand` [ RunTime:0.0000s ]
SQL: SELECT * FROM sw_carbrand carbrand,sw_carmodel carmodel,sw_displacement displacement,sw_ybj ybj WHERE ( carbrand.id=carmodel.bid  and carmodel.mid =displacement.mid and ybj.did=displacement.did and zhuangtai!=0 ) ORDER BY ybid desc  [ RunTime:0.0000s ]
SQL: SELECT `qbxg` FROM `sw_bjprice` WHERE ( did='7' )  [ RunTime:0.0000s ]
SQL: SELECT `qbxg` FROM `sw_bjprice` WHERE ( did='4' )  [ RunTime:0.0000s ]
SQL: SELECT `qbxg` FROM `sw_bjprice` WHERE ( did='4' )  [ RunTime:0.0000s ]
SQL: SELECT `qbxg`,`yqyzb`,`fdjcg`,`hbxg` FROM `sw_bjprice` WHERE ( did='4' )  [ RunTime:0.0000s ]
SQL: SELECT `fdjcg`,`qbxg`,`zqyzb` FROM `sw_bjprice` WHERE ( did='4' )  [ RunTime:0.0000s ]
INFO: [ view_parse ] --START--
INFO: [ template_filter ] --START--
INFO: Run Behavior\ContentReplaceBehavior [ RunTime:0.000000s ]
INFO: [ template_filter ] --END-- [ RunTime:0.000000s ]
NOTIC: [8] Undefined index: fdjcg D:\WWW\haval\web\haval\Application\Runtime\Cache\Admin\e973eecb246bc6e9f7283eea6f77be42.php 第 299 行.
NOTIC: [8] Undefined index: zqyzb D:\WWW\haval\web\haval\Application\Runtime\Cache\Admin\e973eecb246bc6e9f7283eea6f77be42.php 第 301 行.
NOTIC: [8] Undefined index: yqyzb D:\WWW\haval\web\haval\Application\Runtime\Cache\Admin\e973eecb246bc6e9f7283eea6f77be42.php 第 302 行.
NOTIC: [8] Undefined index: zddb D:\WWW\haval\web\haval\Application\Runtime\Cache\Admin\e973eecb246bc6e9f7283eea6f77be42.php 第 303 行.
NOTIC: [8] Undefined index: zfgj D:\WWW\haval\web\haval\Application\Runtime\Cache\Admin\e973eecb246bc6e9f7283eea6f77be42.php 第 304 行.
NOTIC: [8] Undefined index: yfgj D:\WWW\haval\web\haval\Application\Runtime\Cache\Admin\e973eecb246bc6e9f7283eea6f77be42.php 第 305 行.
NOTIC: [8] Undefined index: zqm D:\WWW\haval\web\haval\Application\Runtime\Cache\Admin\e973eecb246bc6e9f7283eea6f77be42.php 第 306 行.
NOTIC: [8] Undefined index: yqm D:\WWW\haval\web\haval\Application\Runtime\Cache\Admin\e973eecb246bc6e9f7283eea6f77be42.php 第 307 行.
NOTIC: [8] Undefined index: cd D:\WWW\haval\web\haval\Application\Runtime\Cache\Admin\e973eecb246bc6e9f7283eea6f77be42.php 第 308 行.
NOTIC: [8] Undefined index: yhm D:\WWW\haval\web\haval\Application\Runtime\Cache\Admin\e973eecb246bc6e9f7283eea6f77be42.php 第 309 行.
NOTIC: [8] Undefined index: xlxg D:\WWW\haval\web\haval\Application\Runtime\Cache\Admin\e973eecb246bc6e9f7283eea6f77be42.php 第 310 行.
NOTIC: [8] Undefined index: zhyzb D:\WWW\haval\web\haval\Application\Runtime\Cache\Admin\e973eecb246bc6e9f7283eea6f77be42.php 第 311 行.
NOTIC: [8] Undefined index: yhyzb D:\WWW\haval\web\haval\Application\Runtime\Cache\Admin\e973eecb246bc6e9f7283eea6f77be42.php 第 312 行.
NOTIC: [8] Undefined index: hbxg D:\WWW\haval\web\haval\Application\Runtime\Cache\Admin\e973eecb246bc6e9f7283eea6f77be42.php 第 313 行.
NOTIC: [8] Undefined index: fdjcg D:\WWW\haval\web\haval\Application\Runtime\Cache\Admin\e973eecb246bc6e9f7283eea6f77be42.php 第 299 行.
NOTIC: [8] Undefined index: zqyzb D:\WWW\haval\web\haval\Application\Runtime\Cache\Admin\e973eecb246bc6e9f7283eea6f77be42.php 第 301 行.
NOTIC: [8] Undefined index: yqyzb D:\WWW\haval\web\haval\Application\Runtime\Cache\Admin\e973eecb246bc6e9f7283eea6f77be42.php 第 302 行.
NOTIC: [8] Undefined index: zddb D:\WWW\haval\web\haval\Application\Runtime\Cache\Admin\e973eecb246bc6e9f7283eea6f77be42.php 第 303 行.
NOTIC: [8] Undefined index: zfgj D:\WWW\haval\web\haval\Application\Runtime\Cache\Admin\e973eecb246bc6e9f7283eea6f77be42.php 第 304 行.
NOTIC: [8] Undefined index: yfgj D:\WWW\haval\web\haval\Application\Runtime\Cache\Admin\e973eecb246bc6e9f7283eea6f77be42.php 第 305 行.
NOTIC: [8] Undefined index: zqm D:\WWW\haval\web\haval\Application\Runtime\Cache\Admin\e973eecb246bc6e9f7283eea6f77be42.php 第 306 行.
NOTIC: [8] Undefined index: yqm D:\WWW\haval\web\haval\Application\Runtime\Cache\Admin\e973eecb246bc6e9f7283eea6f77be42.php 第 307 行.
NOTIC: [8] Undefined index: cd D:\WWW\haval\web\haval\Application\Runtime\Cache\Admin\e973eecb246bc6e9f7283eea6f77be42.php 第 308 行.
NOTIC: [8] Undefined index: yhm D:\WWW\haval\web\haval\Application\Runtime\Cache\Admin\e973eecb246bc6e9f7283eea6f77be42.php 第 309 行.
NOTIC: [8] Undefined index: xlxg D:\WWW\haval\web\haval\Application\Runtime\Cache\Admin\e973eecb246bc6e9f7283eea6f77be42.php 第 310 行.
NOTIC: [8] Undefined index: zhyzb D:\WWW\haval\web\haval\Application\Runtime\Cache\Admin\e973eecb246bc6e9f7283eea6f77be42.php 第 311 行.
NOTIC: [8] Undefined index: yhyzb D:\WWW\haval\web\haval\Application\Runtime\Cache\Admin\e973eecb246bc6e9f7283eea6f77be42.php 第 312 行.
NOTIC: [8] Undefined index: hbxg D:\WWW\haval\web\haval\Application\Runtime\Cache\Admin\e973eecb246bc6e9f7283eea6f77be42.php 第 313 行.
NOTIC: [8] Undefined index: zqyzb D:\WWW\haval\web\haval\Application\Runtime\Cache\Admin\e973eecb246bc6e9f7283eea6f77be42.php 第 301 行.
NOTIC: [8] Undefined index: zddb D:\WWW\haval\web\haval\Application\Runtime\Cache\Admin\e973eecb246bc6e9f7283eea6f77be42.php 第 303 行.
NOTIC: [8] Undefined index: zfgj D:\WWW\haval\web\haval\Application\Runtime\Cache\Admin\e973eecb246bc6e9f7283eea6f77be42.php 第 304 行.
NOTIC: [8] Undefined index: yfgj D:\WWW\haval\web\haval\Application\Runtime\Cache\Admin\e973eecb246bc6e9f7283eea6f77be42.php 第 305 行.
NOTIC: [8] Undefined index: zqm D:\WWW\haval\web\haval\Application\Runtime\Cache\Admin\e973eecb246bc6e9f7283eea6f77be42.php 第 306 行.
NOTIC: [8] Undefined index: yqm D:\WWW\haval\web\haval\Application\Runtime\Cache\Admin\e973eecb246bc6e9f7283eea6f77be42.php 第 307 行.
NOTIC: [8] Undefined index: cd D:\WWW\haval\web\haval\Application\Runtime\Cache\Admin\e973eecb246bc6e9f7283eea6f77be42.php 第 308 行.
NOTIC: [8] Undefined index: yhm D:\WWW\haval\web\haval\Application\Runtime\Cache\Admin\e973eecb246bc6e9f7283eea6f77be42.php 第 309 行.
NOTIC: [8] Undefined index: xlxg D:\WWW\haval\web\haval\Application\Runtime\Cache\Admin\e973eecb246bc6e9f7283eea6f77be42.php 第 310 行.
NOTIC: [8] Undefined index: zhyzb D:\WWW\haval\web\haval\Application\Runtime\Cache\Admin\e973eecb246bc6e9f7283eea6f77be42.php 第 311 行.
NOTIC: [8] Undefined index: yhyzb D:\WWW\haval\web\haval\Application\Runtime\Cache\Admin\e973eecb246bc6e9f7283eea6f77be42.php 第 312 行.
NOTIC: [8] Undefined index: yqyzb D:\WWW\haval\web\haval\Application\Runtime\Cache\Admin\e973eecb246bc6e9f7283eea6f77be42.php 第 302 行.
NOTIC: [8] Undefined index: zddb D:\WWW\haval\web\haval\Application\Runtime\Cache\Admin\e973eecb246bc6e9f7283eea6f77be42.php 第 303 行.
NOTIC: [8] Undefined index: zfgj D:\WWW\haval\web\haval\Application\Runtime\Cache\Admin\e973eecb246bc6e9f7283eea6f77be42.php 第 304 行.
NOTIC: [8] Undefined index: yfgj D:\WWW\haval\web\haval\Application\Runtime\Cache\Admin\e973eecb246bc6e9f7283eea6f77be42.php 第 305 行.
NOTIC: [8] Undefined index: zqm D:\WWW\haval\web\haval\Application\Runtime\Cache\Admin\e973eecb246bc6e9f7283eea6f77be42.php 第 306 行.
NOTIC: [8] Undefined index: yqm D:\WWW\haval\web\haval\Application\Runtime\Cache\Admin\e973eecb246bc6e9f7283eea6f77be42.php 第 307 行.
NOTIC: [8] Undefined index: cd D:\WWW\haval\web\haval\Application\Runtime\Cache\Admin\e973eecb246bc6e9f7283eea6f77be42.php 第 308 行.
NOTIC: [8] Undefined index: yhm D:\WWW\haval\web\haval\Application\Runtime\Cache\Admin\e973eecb246bc6e9f7283eea6f77be42.php 第 309 行.
NOTIC: [8] Undefined index: xlxg D:\WWW\haval\web\haval\Application\Runtime\Cache\Admin\e973eecb246bc6e9f7283eea6f77be42.php 第 310 行.
NOTIC: [8] Undefined index: zhyzb D:\WWW\haval\web\haval\Application\Runtime\Cache\Admin\e973eecb246bc6e9f7283eea6f77be42.php 第 311 行.
NOTIC: [8] Undefined index: yhyzb D:\WWW\haval\web\haval\Application\Runtime\Cache\Admin\e973eecb246bc6e9f7283eea6f77be42.php 第 312 行.
NOTIC: [8] Undefined index: hbxg D:\WWW\haval\web\haval\Application\Runtime\Cache\Admin\e973eecb246bc6e9f7283eea6f77be42.php 第 313 行.
NOTIC: [8] Undefined variable: page D:\WWW\haval\web\haval\Application\Runtime\Cache\Admin\e973eecb246bc6e9f7283eea6f77be42.php 第 332 行.
INFO: Run Behavior\ParseTemplateBehavior [ RunTime:0.031251s ]
INFO: [ view_parse ] --END-- [ RunTime:0.031251s ]
INFO: [ view_filter ] --START--
INFO: Run Behavior\WriteHtmlCacheBehavior [ RunTime:0.000000s ]
INFO: [ view_filter ] --END-- [ RunTime:0.000000s ]
INFO: [ app_end ] --START--
INFO: Run Behavior\ShowPageTraceBehavior [ RunTime:0.000000s ]
INFO: [ app_end ] --END-- [ RunTime:0.000000s ]

[ 2017-12-28T13:13:07+08:00 ] 110.156.72.198 /web/haval/index.php/Admin/Index/bjyuyue.html
INFO: [ app_init ] --START--
INFO: Run Behavior\BuildLiteBehavior [ RunTime:0.000000s ]
INFO: [ app_init ] --END-- [ RunTime:0.000000s ]
INFO: [ app_begin ] --START--
INFO: Run Behavior\ReadHtmlCacheBehavior [ RunTime:0.000000s ]
INFO: [ app_begin ] --END-- [ RunTime:0.000000s ]
SQL: SHOW COLUMNS FROM `sw_bjprice` [ RunTime:0.0156s ]
SQL: SHOW COLUMNS FROM `sw_displacement` [ RunTime:0.0000s ]
SQL: SHOW COLUMNS FROM `sw_carbrand` [ RunTime:0.0000s ]
SQL: SELECT * FROM sw_carbrand carbrand,sw_carmodel carmodel,sw_displacement displacement,sw_ybj ybj WHERE ( carbrand.id=carmodel.bid  and carmodel.mid =displacement.mid and ybj.did=displacement.did and zhuangtai!=0 ) ORDER BY ybid desc  [ RunTime:0.0000s ]
SQL: SELECT `qbxg` FROM `sw_bjprice` WHERE ( did='7' )  [ RunTime:0.0000s ]
SQL: SELECT `qbxg` FROM `sw_bjprice` WHERE ( did='4' )  [ RunTime:0.0000s ]
SQL: SELECT `qbxg` FROM `sw_bjprice` WHERE ( did='4' )  [ RunTime:0.0000s ]
SQL: SELECT `qbxg`,`yqyzb`,`fdjcg`,`hbxg` FROM `sw_bjprice` WHERE ( did='4' )  [ RunTime:0.0000s ]
SQL: SELECT `fdjcg`,`qbxg`,`zqyzb` FROM `sw_bjprice` WHERE ( did='4' )  [ RunTime:0.0000s ]
INFO: [ view_parse ] --START--
INFO: [ template_filter ] --START--
INFO: Run Behavior\ContentReplaceBehavior [ RunTime:0.000000s ]
INFO: [ template_filter ] --END-- [ RunTime:0.000000s ]
NOTIC: [8] Undefined index: fdjcg D:\WWW\haval\web\haval\Application\Runtime\Cache\Admin\e973eecb246bc6e9f7283eea6f77be42.php 第 299 行.
NOTIC: [8] Undefined index: zqyzb D:\WWW\haval\web\haval\Application\Runtime\Cache\Admin\e973eecb246bc6e9f7283eea6f77be42.php 第 301 行.
NOTIC: [8] Undefined index: yqyzb D:\WWW\haval\web\haval\Application\Runtime\Cache\Admin\e973eecb246bc6e9f7283eea6f77be42.php 第 302 行.
NOTIC: [8] Undefined index: zddb D:\WWW\haval\web\haval\Application\Runtime\Cache\Admin\e973eecb246bc6e9f7283eea6f77be42.php 第 303 行.
NOTIC: [8] Undefined index: zfgj D:\WWW\haval\web\haval\Application\Runtime\Cache\Admin\e973eecb246bc6e9f7283eea6f77be42.php 第 304 行.
NOTIC: [8] Undefined index: yfgj D:\WWW\haval\web\haval\Application\Runtime\Cache\Admin\e973eecb246bc6e9f7283eea6f77be42.php 第 305 行.
NOTIC: [8] Undefined index: zqm D:\WWW\haval\web\haval\Application\Runtime\Cache\Admin\e973eecb246bc6e9f7283eea6f77be42.php 第 306 行.
NOTIC: [8] Undefined index: yqm D:\WWW\haval\web\haval\Application\Runtime\Cache\Admin\e973eecb246bc6e9f7283eea6f77be42.php 第 307 行.
NOTIC: [8] Undefined index: cd D:\WWW\haval\web\haval\Application\Runtime\Cache\Admin\e973eecb246bc6e9f7283eea6f77be42.php 第 308 行.
NOTIC: [8] Undefined index: yhm D:\WWW\haval\web\haval\Application\Runtime\Cache\Admin\e973eecb246bc6e9f7283eea6f77be42.php 第 309 行.
NOTIC: [8] Undefined index: xlxg D:\WWW\haval\web\haval\Application\Runtime\Cache\Admin\e973eecb246bc6e9f7283eea6f77be42.php 第 310 行.
NOTIC: [8] Undefined index: zhyzb D:\WWW\haval\web\haval\Application\Runtime\Cache\Admin\e973eecb246bc6e9f7283eea6f77be42.php 第 311 行.
NOTIC: [8] Undefined index: yhyzb D:\WWW\haval\web\haval\Application\Runtime\Cache\Admin\e973eecb246bc6e9f7283eea6f77be42.php 第 312 行.
NOTIC: [8] Undefined index: hbxg D:\WWW\haval\web\haval\Application\Runtime\Cache\Admin\e973eecb246bc6e9f7283eea6f77be42.php 第 313 行.
NOTIC: [8] Undefined index: fdjcg D:\WWW\haval\web\haval\Application\Runtime\Cache\Admin\e973eecb246bc6e9f7283eea6f77be42.php 第 299 行.
NOTIC: [8] Undefined index: zqyzb D:\WWW\haval\web\haval\Application\Runtime\Cache\Admin\e973eecb246bc6e9f7283eea6f77be42.php 第 301 行.
NOTIC: [8] Undefined index: yqyzb D:\WWW\haval\web\haval\Application\Runtime\Cache\Admin\e973eecb246bc6e9f7283eea6f77be42.php 第 302 行.
NOTIC: [8] Undefined index: zddb D:\WWW\haval\web\haval\Application\Runtime\Cache\Admin\e973eecb246bc6e9f7283eea6f77be42.php 第 303 行.
NOTIC: [8] Undefined index: zfgj D:\WWW\haval\web\haval\Application\Runtime\Cache\Admin\e973eecb246bc6e9f7283eea6f77be42.php 第 304 行.
NOTIC: [8] Undefined index: yfgj D:\WWW\haval\web\haval\Application\Runtime\Cache\Admin\e973eecb246bc6e9f7283eea6f77be42.php 第 305 行.
NOTIC: [8] Undefined index: zqm D:\WWW\haval\web\haval\Application\Runtime\Cache\Admin\e973eecb246bc6e9f7283eea6f77be42.php 第 306 行.
NOTIC: [8] Undefined index: yqm D:\WWW\haval\web\haval\Application\Runtime\Cache\Admin\e973eecb246bc6e9f7283eea6f77be42.php 第 307 行.
NOTIC: [8] Undefined index: cd D:\WWW\haval\web\haval\Application\Runtime\Cache\Admin\e973eecb246bc6e9f7283eea6f77be42.php 第 308 行.
NOTIC: [8] Undefined index: yhm D:\WWW\haval\web\haval\Application\Runtime\Cache\Admin\e973eecb246bc6e9f7283eea6f77be42.php 第 309 行.
NOTIC: [8] Undefined index: xlxg D:\WWW\haval\web\haval\Application\Runtime\Cache\Admin\e973eecb246bc6e9f7283eea6f77be42.php 第 310 行.
NOTIC: [8] Undefined index: zhyzb D:\WWW\haval\web\haval\Application\Runtime\Cache\Admin\e973eecb246bc6e9f7283eea6f77be42.php 第 311 行.
NOTIC: [8] Undefined index: yhyzb D:\WWW\haval\web\haval\Application\Runtime\Cache\Admin\e973eecb246bc6e9f7283eea6f77be42.php 第 312 行.
NOTIC: [8] Undefined index: hbxg D:\WWW\haval\web\haval\Application\Runtime\Cache\Admin\e973eecb246bc6e9f7283eea6f77be42.php 第 313 行.
NOTIC: [8] Undefined index: zqyzb D:\WWW\haval\web\haval\Application\Runtime\Cache\Admin\e973eecb246bc6e9f7283eea6f77be42.php 第 301 行.
NOTIC: [8] Undefined index: zddb D:\WWW\haval\web\haval\Application\Runtime\Cache\Admin\e973eecb246bc6e9f7283eea6f77be42.php 第 303 行.
NOTIC: [8] Undefined index: zfgj D:\WWW\haval\web\haval\Application\Runtime\Cache\Admin\e973eecb246bc6e9f7283eea6f77be42.php 第 304 行.
NOTIC: [8] Undefined index: yfgj D:\WWW\haval\web\haval\Application\Runtime\Cache\Admin\e973eecb246bc6e9f7283eea6f77be42.php 第 305 行.
NOTIC: [8] Undefined index: zqm D:\WWW\haval\web\haval\Application\Runtime\Cache\Admin\e973eecb246bc6e9f7283eea6f77be42.php 第 306 行.
NOTIC: [8] Undefined index: yqm D:\WWW\haval\web\haval\Application\Runtime\Cache\Admin\e973eecb246bc6e9f7283eea6f77be42.php 第 307 行.
NOTIC: [8] Undefined index: cd D:\WWW\haval\web\haval\Application\Runtime\Cache\Admin\e973eecb246bc6e9f7283eea6f77be42.php 第 308 行.
NOTIC: [8] Undefined index: yhm D:\WWW\haval\web\haval\Application\Runtime\Cache\Admin\e973eecb246bc6e9f7283eea6f77be42.php 第 309 行.
NOTIC: [8] Undefined index: xlxg D:\WWW\haval\web\haval\Application\Runtime\Cache\Admin\e973eecb246bc6e9f7283eea6f77be42.php 第 310 行.
NOTIC: [8] Undefined index: zhyzb D:\WWW\haval\web\haval\Application\Runtime\Cache\Admin\e973eecb246bc6e9f7283eea6f77be42.php 第 311 行.
NOTIC: [8] Undefined index: yhyzb D:\WWW\haval\web\haval\Application\Runtime\Cache\Admin\e973eecb246bc6e9f7283eea6f77be42.php 第 312 行.
NOTIC: [8] Undefined index: yqyzb D:\WWW\haval\web\haval\Application\Runtime\Cache\Admin\e973eecb246bc6e9f7283eea6f77be42.php 第 302 行.
NOTIC: [8] Undefined index: zddb D:\WWW\haval\web\haval\Application\Runtime\Cache\Admin\e973eecb246bc6e9f7283eea6f77be42.php 第 303 行.
NOTIC: [8] Undefined index: zfgj D:\WWW\haval\web\haval\Application\Runtime\Cache\Admin\e973eecb246bc6e9f7283eea6f77be42.php 第 304 行.
NOTIC: [8] Undefined index: yfgj D:\WWW\haval\web\haval\Application\Runtime\Cache\Admin\e973eecb246bc6e9f7283eea6f77be42.php 第 305 行.
NOTIC: [8] Undefined index: zqm D:\WWW\haval\web\haval\Application\Runtime\Cache\Admin\e973eecb246bc6e9f7283eea6f77be42.php 第 306 行.
NOTIC: [8] Undefined index: yqm D:\WWW\haval\web\haval\Application\Runtime\Cache\Admin\e973eecb246bc6e9f7283eea6f77be42.php 第 307 行.
NOTIC: [8] Undefined index: cd D:\WWW\haval\web\haval\Application\Runtime\Cache\Admin\e973eecb246bc6e9f7283eea6f77be42.php 第 308 行.
NOTIC: [8] Undefined index: yhm D:\WWW\haval\web\haval\Application\Runtime\Cache\Admin\e973eecb246bc6e9f7283eea6f77be42.php 第 309 行.
NOTIC: [8] Undefined index: xlxg D:\WWW\haval\web\haval\Application\Runtime\Cache\Admin\e973eecb246bc6e9f7283eea6f77be42.php 第 310 行.
NOTIC: [8] Undefined index: zhyzb D:\WWW\haval\web\haval\Application\Runtime\Cache\Admin\e973eecb246bc6e9f7283eea6f77be42.php 第 311 行.
NOTIC: [8] Undefined index: yhyzb D:\WWW\haval\web\haval\Application\Runtime\Cache\Admin\e973eecb246bc6e9f7283eea6f77be42.php 第 312 行.
NOTIC: [8] Undefined index: hbxg D:\WWW\haval\web\haval\Application\Runtime\Cache\Admin\e973eecb246bc6e9f7283eea6f77be42.php 第 313 行.
NOTIC: [8] Undefined variable: page D:\WWW\haval\web\haval\Application\Runtime\Cache\Admin\e973eecb246bc6e9f7283eea6f77be42.php 第 332 行.
INFO: Run Behavior\ParseTemplateBehavior [ RunTime:0.031251s ]
INFO: [ view_parse ] --END-- [ RunTime:0.031251s ]
INFO: [ view_filter ] --START--
INFO: Run Behavior\WriteHtmlCacheBehavior [ RunTime:0.000000s ]
INFO: [ view_filter ] --END-- [ RunTime:0.000000s ]
INFO: [ app_end ] --START--
INFO: Run Behavior\ShowPageTraceBehavior [ RunTime:0.000000s ]
INFO: [ app_end ] --END-- [ RunTime:0.000000s ]

[ 2017-12-28T13:13:48+08:00 ] 110.156.72.198 /web/haval/index.php/Admin/Index/bjyuyue.html
INFO: [ app_init ] --START--
INFO: Run Behavior\BuildLiteBehavior [ RunTime:0.000000s ]
INFO: [ app_init ] --END-- [ RunTime:0.000000s ]
INFO: [ app_begin ] --START--
INFO: Run Behavior\ReadHtmlCacheBehavior [ RunTime:0.000000s ]
INFO: [ app_begin ] --END-- [ RunTime:0.000000s ]
SQL: SHOW COLUMNS FROM `sw_bjprice` [ RunTime:0.0156s ]
SQL: SHOW COLUMNS FROM `sw_displacement` [ RunTime:0.0000s ]
SQL: SHOW COLUMNS FROM `sw_carbrand` [ RunTime:0.0000s ]
SQL: SELECT * FROM sw_carbrand carbrand,sw_carmodel carmodel,sw_displacement displacement,sw_ybj ybj WHERE ( carbrand.id=carmodel.bid  and carmodel.mid =displacement.mid and ybj.did=displacement.did and zhuangtai!=0 ) ORDER BY ybid desc  [ RunTime:0.0000s ]
SQL: SELECT `qbxg` FROM `sw_bjprice` WHERE ( did='7' )  [ RunTime:0.0000s ]
SQL: SELECT `qbxg` FROM `sw_bjprice` WHERE ( did='4' )  [ RunTime:0.0000s ]
SQL: SELECT `qbxg` FROM `sw_bjprice` WHERE ( did='4' )  [ RunTime:0.0000s ]
SQL: SELECT `qbxg`,`yqyzb`,`fdjcg`,`hbxg` FROM `sw_bjprice` WHERE ( did='4' )  [ RunTime:0.0000s ]
SQL: SELECT `fdjcg`,`qbxg`,`zqyzb` FROM `sw_bjprice` WHERE ( did='4' )  [ RunTime:0.0000s ]
INFO: [ view_parse ] --START--
INFO: [ template_filter ] --START--
INFO: Run Behavior\ContentReplaceBehavior [ RunTime:0.000000s ]
INFO: [ template_filter ] --END-- [ RunTime:0.000000s ]
NOTIC: [8] Undefined index: fdjcg D:\WWW\haval\web\haval\Application\Runtime\Cache\Admin\e973eecb246bc6e9f7283eea6f77be42.php 第 299 行.
NOTIC: [8] Undefined index: zqyzb D:\WWW\haval\web\haval\Application\Runtime\Cache\Admin\e973eecb246bc6e9f7283eea6f77be42.php 第 301 行.
NOTIC: [8] Undefined index: yqyzb D:\WWW\haval\web\haval\Application\Runtime\Cache\Admin\e973eecb246bc6e9f7283eea6f77be42.php 第 302 行.
NOTIC: [8] Undefined index: zddb D:\WWW\haval\web\haval\Application\Runtime\Cache\Admin\e973eecb246bc6e9f7283eea6f77be42.php 第 303 行.
NOTIC: [8] Undefined index: zfgj D:\WWW\haval\web\haval\Application\Runtime\Cache\Admin\e973eecb246bc6e9f7283eea6f77be42.php 第 304 行.
NOTIC: [8] Undefined index: yfgj D:\WWW\haval\web\haval\Application\Runtime\Cache\Admin\e973eecb246bc6e9f7283eea6f77be42.php 第 305 行.
NOTIC: [8] Undefined index: zqm D:\WWW\haval\web\haval\Application\Runtime\Cache\Admin\e973eecb246bc6e9f7283eea6f77be42.php 第 306 行.
NOTIC: [8] Undefined index: yqm D:\WWW\haval\web\haval\Application\Runtime\Cache\Admin\e973eecb246bc6e9f7283eea6f77be42.php 第 307 行.
NOTIC: [8] Undefined index: cd D:\WWW\haval\web\haval\Application\Runtime\Cache\Admin\e973eecb246bc6e9f7283eea6f77be42.php 第 308 行.
NOTIC: [8] Undefined index: yhm D:\WWW\haval\web\haval\Application\Runtime\Cache\Admin\e973eecb246bc6e9f7283eea6f77be42.php 第 309 行.
NOTIC: [8] Undefined index: xlxg D:\WWW\haval\web\haval\Application\Runtime\Cache\Admin\e973eecb246bc6e9f7283eea6f77be42.php 第 310 行.
NOTIC: [8] Undefined index: zhyzb D:\WWW\haval\web\haval\Application\Runtime\Cache\Admin\e973eecb246bc6e9f7283eea6f77be42.php 第 311 行.
NOTIC: [8] Undefined index: yhyzb D:\WWW\haval\web\haval\Application\Runtime\Cache\Admin\e973eecb246bc6e9f7283eea6f77be42.php 第 312 行.
NOTIC: [8] Undefined index: hbxg D:\WWW\haval\web\haval\Application\Runtime\Cache\Admin\e973eecb246bc6e9f7283eea6f77be42.php 第 313 行.
NOTIC: [8] Undefined index: fdjcg D:\WWW\haval\web\haval\Application\Runtime\Cache\Admin\e973eecb246bc6e9f7283eea6f77be42.php 第 299 行.
NOTIC: [8] Undefined index: zqyzb D:\WWW\haval\web\haval\Application\Runtime\Cache\Admin\e973eecb246bc6e9f7283eea6f77be42.php 第 301 行.
NOTIC: [8] Undefined index: yqyzb D:\WWW\haval\web\haval\Application\Runtime\Cache\Admin\e973eecb246bc6e9f7283eea6f77be42.php 第 302 行.
NOTIC: [8] Undefined index: zddb D:\WWW\haval\web\haval\Application\Runtime\Cache\Admin\e973eecb246bc6e9f7283eea6f77be42.php 第 303 行.
NOTIC: [8] Undefined index: zfgj D:\WWW\haval\web\haval\Application\Runtime\Cache\Admin\e973eecb246bc6e9f7283eea6f77be42.php 第 304 行.
NOTIC: [8] Undefined index: yfgj D:\WWW\haval\web\haval\Application\Runtime\Cache\Admin\e973eecb246bc6e9f7283eea6f77be42.php 第 305 行.
NOTIC: [8] Undefined index: zqm D:\WWW\haval\web\haval\Application\Runtime\Cache\Admin\e973eecb246bc6e9f7283eea6f77be42.php 第 306 行.
NOTIC: [8] Undefined index: yqm D:\WWW\haval\web\haval\Application\Runtime\Cache\Admin\e973eecb246bc6e9f7283eea6f77be42.php 第 307 行.
NOTIC: [8] Undefined index: cd D:\WWW\haval\web\haval\Application\Runtime\Cache\Admin\e973eecb246bc6e9f7283eea6f77be42.php 第 308 行.
NOTIC: [8] Undefined index: yhm D:\WWW\haval\web\haval\Application\Runtime\Cache\Admin\e973eecb246bc6e9f7283eea6f77be42.php 第 309 行.
NOTIC: [8] Undefined index: xlxg D:\WWW\haval\web\haval\Application\Runtime\Cache\Admin\e973eecb246bc6e9f7283eea6f77be42.php 第 310 行.
NOTIC: [8] Undefined index: zhyzb D:\WWW\haval\web\haval\Application\Runtime\Cache\Admin\e973eecb246bc6e9f7283eea6f77be42.php 第 311 行.
NOTIC: [8] Undefined index: yhyzb D:\WWW\haval\web\haval\Application\Runtime\Cache\Admin\e973eecb246bc6e9f7283eea6f77be42.php 第 312 行.
NOTIC: [8] Undefined index: hbxg D:\WWW\haval\web\haval\Application\Runtime\Cache\Admin\e973eecb246bc6e9f7283eea6f77be42.php 第 313 行.
NOTIC: [8] Undefined index: zqyzb D:\WWW\haval\web\haval\Application\Runtime\Cache\Admin\e973eecb246bc6e9f7283eea6f77be42.php 第 301 行.
NOTIC: [8] Undefined index: zddb D:\WWW\haval\web\haval\Application\Runtime\Cache\Admin\e973eecb246bc6e9f7283eea6f77be42.php 第 303 行.
NOTIC: [8] Undefined index: zfgj D:\WWW\haval\web\haval\Application\Runtime\Cache\Admin\e973eecb246bc6e9f7283eea6f77be42.php 第 304 行.
NOTIC: [8] Undefined index: yfgj D:\WWW\haval\web\haval\Application\Runtime\Cache\Admin\e973eecb246bc6e9f7283eea6f77be42.php 第 305 行.
NOTIC: [8] Undefined index: zqm D:\WWW\haval\web\haval\Application\Runtime\Cache\Admin\e973eecb246bc6e9f7283eea6f77be42.php 第 306 行.
NOTIC: [8] Undefined index: yqm D:\WWW\haval\web\haval\Application\Runtime\Cache\Admin\e973eecb246bc6e9f7283eea6f77be42.php 第 307 行.
NOTIC: [8] Undefined index: cd D:\WWW\haval\web\haval\Application\Runtime\Cache\Admin\e973eecb246bc6e9f7283eea6f77be42.php 第 308 行.
NOTIC: [8] Undefined index: yhm D:\WWW\haval\web\haval\Application\Runtime\Cache\Admin\e973eecb246bc6e9f7283eea6f77be42.php 第 309 行.
NOTIC: [8] Undefined index: xlxg D:\WWW\haval\web\haval\Application\Runtime\Cache\Admin\e973eecb246bc6e9f7283eea6f77be42.php 第 310 行.
NOTIC: [8] Undefined index: zhyzb D:\WWW\haval\web\haval\Application\Runtime\Cache\Admin\e973eecb246bc6e9f7283eea6f77be42.php 第 311 行.
NOTIC: [8] Undefined index: yhyzb D:\WWW\haval\web\haval\Application\Runtime\Cache\Admin\e973eecb246bc6e9f7283eea6f77be42.php 第 312 行.
NOTIC: [8] Undefined index: yqyzb D:\WWW\haval\web\haval\Application\Runtime\Cache\Admin\e973eecb246bc6e9f7283eea6f77be42.php 第 302 行.
NOTIC: [8] Undefined index: zddb D:\WWW\haval\web\haval\Application\Runtime\Cache\Admin\e973eecb246bc6e9f7283eea6f77be42.php 第 303 行.
NOTIC: [8] Undefined index: zfgj D:\WWW\haval\web\haval\Application\Runtime\Cache\Admin\e973eecb246bc6e9f7283eea6f77be42.php 第 304 行.
NOTIC: [8] Undefined index: yfgj D:\WWW\haval\web\haval\Application\Runtime\Cache\Admin\e973eecb246bc6e9f7283eea6f77be42.php 第 305 行.
NOTIC: [8] Undefined index: zqm D:\WWW\haval\web\haval\Application\Runtime\Cache\Admin\e973eecb246bc6e9f7283eea6f77be42.php 第 306 行.
NOTIC: [8] Undefined index: yqm D:\WWW\haval\web\haval\Application\Runtime\Cache\Admin\e973eecb246bc6e9f7283eea6f77be42.php 第 307 行.
NOTIC: [8] Undefined index: cd D:\WWW\haval\web\haval\Application\Runtime\Cache\Admin\e973eecb246bc6e9f7283eea6f77be42.php 第 308 行.
NOTIC: [8] Undefined index: yhm D:\WWW\haval\web\haval\Application\Runtime\Cache\Admin\e973eecb246bc6e9f7283eea6f77be42.php 第 309 行.
NOTIC: [8] Undefined index: xlxg D:\WWW\haval\web\haval\Application\Runtime\Cache\Admin\e973eecb246bc6e9f7283eea6f77be42.php 第 310 行.
NOTIC: [8] Undefined index: zhyzb D:\WWW\haval\web\haval\Application\Runtime\Cache\Admin\e973eecb246bc6e9f7283eea6f77be42.php 第 311 行.
NOTIC: [8] Undefined index: yhyzb D:\WWW\haval\web\haval\Application\Runtime\Cache\Admin\e973eecb246bc6e9f7283eea6f77be42.php 第 312 行.
NOTIC: [8] Undefined index: hbxg D:\WWW\haval\web\haval\Application\Runtime\Cache\Admin\e973eecb246bc6e9f7283eea6f77be42.php 第 313 行.
NOTIC: [8] Undefined variable: page D:\WWW\haval\web\haval\Application\Runtime\Cache\Admin\e973eecb246bc6e9f7283eea6f77be42.php 第 332 行.
INFO: Run Behavior\ParseTemplateBehavior [ RunTime:0.015626s ]
INFO: [ view_parse ] --END-- [ RunTime:0.015626s ]
INFO: [ view_filter ] --START--
INFO: Run Behavior\WriteHtmlCacheBehavior [ RunTime:0.000000s ]
INFO: [ view_filter ] --END-- [ RunTime:0.000000s ]
INFO: [ app_end ] --START--
INFO: Run Behavior\ShowPageTraceBehavior [ RunTime:0.000000s ]
INFO: [ app_end ] --END-- [ RunTime:0.000000s ]

[ 2017-12-28T13:13:49+08:00 ] 110.156.72.198 /web/haval/index.php/Admin/Index/form-amazeui.html
INFO: [ app_init ] --START--
INFO: Run Behavior\BuildLiteBehavior [ RunTime:0.000000s ]
INFO: [ app_init ] --END-- [ RunTime:0.015626s ]
INFO: [ app_begin ] --START--
INFO: Run Behavior\ReadHtmlCacheBehavior [ RunTime:0.000000s ]
INFO: [ app_begin ] --END-- [ RunTime:0.000000s ]
INFO: [ view_parse ] --START--
INFO: [ template_filter ] --START--
INFO: Run Behavior\ContentReplaceBehavior [ RunTime:0.000000s ]
INFO: [ template_filter ] --END-- [ RunTime:0.000000s ]
INFO: Run Behavior\ParseTemplateBehavior [ RunTime:0.015625s ]
INFO: [ view_parse ] --END-- [ RunTime:0.015625s ]
INFO: [ view_filter ] --START--
INFO: Run Behavior\WriteHtmlCacheBehavior [ RunTime:0.000000s ]
INFO: [ view_filter ] --END-- [ RunTime:0.000000s ]
INFO: [ app_end ] --START--
INFO: Run Behavior\ShowPageTraceBehavior [ RunTime:0.000000s ]
INFO: [ app_end ] --END-- [ RunTime:0.000000s ]

[ 2017-12-28T13:13:51+08:00 ] 110.156.72.198 /web/haval/index.php/Admin/Index/userlist.html
INFO: [ app_init ] --START--
INFO: Run Behavior\BuildLiteBehavior [ RunTime:0.000000s ]
INFO: [ app_init ] --END-- [ RunTime:0.000000s ]
INFO: [ app_begin ] --START--
INFO: Run Behavior\ReadHtmlCacheBehavior [ RunTime:0.000000s ]
INFO: [ app_begin ] --END-- [ RunTime:0.000000s ]
SQL: SHOW COLUMNS FROM `sw_user` [ RunTime:0.0000s ]
SQL: SELECT COUNT(*) AS tp_count FROM `sw_user` LIMIT 1   [ RunTime:0.0000s ]
SQL: SELECT * FROM `sw_user` LIMIT 0,10   [ RunTime:0.0000s ]
INFO: [ view_parse ] --START--
INFO: [ template_filter ] --START--
INFO: Run Behavior\ContentReplaceBehavior [ RunTime:0.000000s ]
INFO: [ template_filter ] --END-- [ RunTime:0.000000s ]
INFO: Run Behavior\ParseTemplateBehavior [ RunTime:0.015625s ]
INFO: [ view_parse ] --END-- [ RunTime:0.015625s ]
INFO: [ view_filter ] --START--
INFO: Run Behavior\WriteHtmlCacheBehavior [ RunTime:0.000000s ]
INFO: [ view_filter ] --END-- [ RunTime:0.000000s ]
INFO: [ app_end ] --START--
INFO: Run Behavior\ShowPageTraceBehavior [ RunTime:0.000000s ]
INFO: [ app_end ] --END-- [ RunTime:0.000000s ]

[ 2017-12-28T15:51:45+08:00 ] 110.156.72.198 /web/haval/index.php/Admin/Index/form-amazeui.html
INFO: [ app_init ] --START--
INFO: Run Behavior\BuildLiteBehavior [ RunTime:0.000000s ]
INFO: [ app_init ] --END-- [ RunTime:0.000000s ]
INFO: [ app_begin ] --START--
INFO: Run Behavior\ReadHtmlCacheBehavior [ RunTime:0.000000s ]
INFO: [ app_begin ] --END-- [ RunTime:0.000000s ]
INFO: [ view_parse ] --START--
INFO: [ template_filter ] --START--
INFO: Run Behavior\ContentReplaceBehavior [ RunTime:0.000000s ]
INFO: [ template_filter ] --END-- [ RunTime:0.000000s ]
INFO: Run Behavior\ParseTemplateBehavior [ RunTime:0.015624s ]
INFO: [ view_parse ] --END-- [ RunTime:0.015624s ]
INFO: [ view_filter ] --START--
INFO: Run Behavior\WriteHtmlCacheBehavior [ RunTime:0.000000s ]
INFO: [ view_filter ] --END-- [ RunTime:0.000000s ]
INFO: [ app_end ] --START--
INFO: Run Behavior\ShowPageTraceBehavior [ RunTime:0.000000s ]
INFO: [ app_end ] --END-- [ RunTime:0.000000s ]

[ 2017-12-28T15:51:46+08:00 ] 110.156.72.198 /web/haval/index.php/Admin/Index/assets/i/favicon.png
INFO: [ app_init ] --START--
INFO: Run Behavior\BuildLiteBehavior [ RunTime:0.000000s ]
INFO: [ app_init ] --END-- [ RunTime:0.015624s ]

[ 2017-12-28T15:51:48+08:00 ] 110.156.72.198 /web/haval/index.php/Admin/Index/bjyuyue.html
INFO: [ app_init ] --START--
INFO: Run Behavior\BuildLiteBehavior [ RunTime:0.000000s ]
INFO: [ app_init ] --END-- [ RunTime:0.000000s ]
INFO: [ app_begin ] --START--
INFO: Run Behavior\ReadHtmlCacheBehavior [ RunTime:0.000000s ]
INFO: [ app_begin ] --END-- [ RunTime:0.000000s ]
SQL: SHOW COLUMNS FROM `sw_bjprice` [ RunTime:0.0000s ]
SQL: SHOW COLUMNS FROM `sw_displacement` [ RunTime:0.0156s ]
SQL: SHOW COLUMNS FROM `sw_carbrand` [ RunTime:0.0000s ]
SQL: SELECT * FROM sw_carbrand carbrand,sw_carmodel carmodel,sw_displacement displacement,sw_ybj ybj WHERE ( carbrand.id=carmodel.bid  and carmodel.mid =displacement.mid and ybj.did=displacement.did and zhuangtai!=0 ) ORDER BY ybid desc  [ RunTime:0.0000s ]
SQL: SELECT `qbxg` FROM `sw_bjprice` WHERE ( did='7' )  [ RunTime:0.0000s ]
SQL: SELECT `qbxg` FROM `sw_bjprice` WHERE ( did='4' )  [ RunTime:0.0000s ]
SQL: SELECT `qbxg` FROM `sw_bjprice` WHERE ( did='4' )  [ RunTime:0.0000s ]
SQL: SELECT `qbxg`,`yqyzb`,`fdjcg`,`hbxg` FROM `sw_bjprice` WHERE ( did='4' )  [ RunTime:0.0000s ]
SQL: SELECT `fdjcg`,`qbxg`,`zqyzb` FROM `sw_bjprice` WHERE ( did='4' )  [ RunTime:0.0156s ]
INFO: [ view_parse ] --START--
INFO: [ template_filter ] --START--
INFO: Run Behavior\ContentReplaceBehavior [ RunTime:0.000000s ]
INFO: [ template_filter ] --END-- [ RunTime:0.000000s ]
NOTIC: [8] Undefined index: fdjcg D:\WWW\haval\web\haval\Application\Runtime\Cache\Admin\e973eecb246bc6e9f7283eea6f77be42.php 第 299 行.
NOTIC: [8] Undefined index: zqyzb D:\WWW\haval\web\haval\Application\Runtime\Cache\Admin\e973eecb246bc6e9f7283eea6f77be42.php 第 301 行.
NOTIC: [8] Undefined index: yqyzb D:\WWW\haval\web\haval\Application\Runtime\Cache\Admin\e973eecb246bc6e9f7283eea6f77be42.php 第 302 行.
NOTIC: [8] Undefined index: zddb D:\WWW\haval\web\haval\Application\Runtime\Cache\Admin\e973eecb246bc6e9f7283eea6f77be42.php 第 303 行.
NOTIC: [8] Undefined index: zfgj D:\WWW\haval\web\haval\Application\Runtime\Cache\Admin\e973eecb246bc6e9f7283eea6f77be42.php 第 304 行.
NOTIC: [8] Undefined index: yfgj D:\WWW\haval\web\haval\Application\Runtime\Cache\Admin\e973eecb246bc6e9f7283eea6f77be42.php 第 305 行.
NOTIC: [8] Undefined index: zqm D:\WWW\haval\web\haval\Application\Runtime\Cache\Admin\e973eecb246bc6e9f7283eea6f77be42.php 第 306 行.
NOTIC: [8] Undefined index: yqm D:\WWW\haval\web\haval\Application\Runtime\Cache\Admin\e973eecb246bc6e9f7283eea6f77be42.php 第 307 行.
NOTIC: [8] Undefined index: cd D:\WWW\haval\web\haval\Application\Runtime\Cache\Admin\e973eecb246bc6e9f7283eea6f77be42.php 第 308 行.
NOTIC: [8] Undefined index: yhm D:\WWW\haval\web\haval\Application\Runtime\Cache\Admin\e973eecb246bc6e9f7283eea6f77be42.php 第 309 行.
NOTIC: [8] Undefined index: xlxg D:\WWW\haval\web\haval\Application\Runtime\Cache\Admin\e973eecb246bc6e9f7283eea6f77be42.php 第 310 行.
NOTIC: [8] Undefined index: zhyzb D:\WWW\haval\web\haval\Application\Runtime\Cache\Admin\e973eecb246bc6e9f7283eea6f77be42.php 第 311 行.
NOTIC: [8] Undefined index: yhyzb D:\WWW\haval\web\haval\Application\Runtime\Cache\Admin\e973eecb246bc6e9f7283eea6f77be42.php 第 312 行.
NOTIC: [8] Undefined index: hbxg D:\WWW\haval\web\haval\Application\Runtime\Cache\Admin\e973eecb246bc6e9f7283eea6f77be42.php 第 313 行.
NOTIC: [8] Undefined index: fdjcg D:\WWW\haval\web\haval\Application\Runtime\Cache\Admin\e973eecb246bc6e9f7283eea6f77be42.php 第 299 行.
NOTIC: [8] Undefined index: zqyzb D:\WWW\haval\web\haval\Application\Runtime\Cache\Admin\e973eecb246bc6e9f7283eea6f77be42.php 第 301 行.
NOTIC: [8] Undefined index: yqyzb D:\WWW\haval\web\haval\Application\Runtime\Cache\Admin\e973eecb246bc6e9f7283eea6f77be42.php 第 302 行.
NOTIC: [8] Undefined index: zddb D:\WWW\haval\web\haval\Application\Runtime\Cache\Admin\e973eecb246bc6e9f7283eea6f77be42.php 第 303 行.
NOTIC: [8] Undefined index: zfgj D:\WWW\haval\web\haval\Application\Runtime\Cache\Admin\e973eecb246bc6e9f7283eea6f77be42.php 第 304 行.
NOTIC: [8] Undefined index: yfgj D:\WWW\haval\web\haval\Application\Runtime\Cache\Admin\e973eecb246bc6e9f7283eea6f77be42.php 第 305 行.
NOTIC: [8] Undefined index: zqm D:\WWW\haval\web\haval\Application\Runtime\Cache\Admin\e973eecb246bc6e9f7283eea6f77be42.php 第 306 行.
NOTIC: [8] Undefined index: yqm D:\WWW\haval\web\haval\Application\Runtime\Cache\Admin\e973eecb246bc6e9f7283eea6f77be42.php 第 307 行.
NOTIC: [8] Undefined index: cd D:\WWW\haval\web\haval\Application\Runtime\Cache\Admin\e973eecb246bc6e9f7283eea6f77be42.php 第 308 行.
NOTIC: [8] Undefined index: yhm D:\WWW\haval\web\haval\Application\Runtime\Cache\Admin\e973eecb246bc6e9f7283eea6f77be42.php 第 309 行.
NOTIC: [8] Undefined index: xlxg D:\WWW\haval\web\haval\Application\Runtime\Cache\Admin\e973eecb246bc6e9f7283eea6f77be42.php 第 310 行.
NOTIC: [8] Undefined index: zhyzb D:\WWW\haval\web\haval\Application\Runtime\Cache\Admin\e973eecb246bc6e9f7283eea6f77be42.php 第 311 行.
NOTIC: [8] Undefined index: yhyzb D:\WWW\haval\web\haval\Application\Runtime\Cache\Admin\e973eecb246bc6e9f7283eea6f77be42.php 第 312 行.
NOTIC: [8] Undefined index: hbxg D:\WWW\haval\web\haval\Application\Runtime\Cache\Admin\e973eecb246bc6e9f7283eea6f77be42.php 第 313 行.
NOTIC: [8] Undefined index: zqyzb D:\WWW\haval\web\haval\Application\Runtime\Cache\Admin\e973eecb246bc6e9f7283eea6f77be42.php 第 301 行.
NOTIC: [8] Undefined index: zddb D:\WWW\haval\web\haval\Application\Runtime\Cache\Admin\e973eecb246bc6e9f7283eea6f77be42.php 第 303 行.
NOTIC: [8] Undefined index: zfgj D:\WWW\haval\web\haval\Application\Runtime\Cache\Admin\e973eecb246bc6e9f7283eea6f77be42.php 第 304 行.
NOTIC: [8] Undefined index: yfgj D:\WWW\haval\web\haval\Application\Runtime\Cache\Admin\e973eecb246bc6e9f7283eea6f77be42.php 第 305 行.
NOTIC: [8] Undefined index: zqm D:\WWW\haval\web\haval\Application\Runtime\Cache\Admin\e973eecb246bc6e9f7283eea6f77be42.php 第 306 行.
NOTIC: [8] Undefined index: yqm D:\WWW\haval\web\haval\Application\Runtime\Cache\Admin\e973eecb246bc6e9f7283eea6f77be42.php 第 307 行.
NOTIC: [8] Undefined index: cd D:\WWW\haval\web\haval\Application\Runtime\Cache\Admin\e973eecb246bc6e9f7283eea6f77be42.php 第 308 行.
NOTIC: [8] Undefined index: yhm D:\WWW\haval\web\haval\Application\Runtime\Cache\Admin\e973eecb246bc6e9f7283eea6f77be42.php 第 309 行.
NOTIC: [8] Undefined index: xlxg D:\WWW\haval\web\haval\Application\Runtime\Cache\Admin\e973eecb246bc6e9f7283eea6f77be42.php 第 310 行.
NOTIC: [8] Undefined index: zhyzb D:\WWW\haval\web\haval\Application\Runtime\Cache\Admin\e973eecb246bc6e9f7283eea6f77be42.php 第 311 行.
NOTIC: [8] Undefined index: yhyzb D:\WWW\haval\web\haval\Application\Runtime\Cache\Admin\e973eecb246bc6e9f7283eea6f77be42.php 第 312 行.
NOTIC: [8] Undefined index: yqyzb D:\WWW\haval\web\haval\Application\Runtime\Cache\Admin\e973eecb246bc6e9f7283eea6f77be42.php 第 302 行.
NOTIC: [8] Undefined index: zddb D:\WWW\haval\web\haval\Application\Runtime\Cache\Admin\e973eecb246bc6e9f7283eea6f77be42.php 第 303 行.
NOTIC: [8] Undefined index: zfgj D:\WWW\haval\web\haval\Application\Runtime\Cache\Admin\e973eecb246bc6e9f7283eea6f77be42.php 第 304 行.
NOTIC: [8] Undefined index: yfgj D:\WWW\haval\web\haval\Application\Runtime\Cache\Admin\e973eecb246bc6e9f7283eea6f77be42.php 第 305 行.
NOTIC: [8] Undefined index: zqm D:\WWW\haval\web\haval\Application\Runtime\Cache\Admin\e973eecb246bc6e9f7283eea6f77be42.php 第 306 行.
NOTIC: [8] Undefined index: yqm D:\WWW\haval\web\haval\Application\Runtime\Cache\Admin\e973eecb246bc6e9f7283eea6f77be42.php 第 307 行.
NOTIC: [8] Undefined index: cd D:\WWW\haval\web\haval\Application\Runtime\Cache\Admin\e973eecb246bc6e9f7283eea6f77be42.php 第 308 行.
NOTIC: [8] Undefined index: yhm D:\WWW\haval\web\haval\Application\Runtime\Cache\Admin\e973eecb246bc6e9f7283eea6f77be42.php 第 309 行.
NOTIC: [8] Undefined index: xlxg D:\WWW\haval\web\haval\Application\Runtime\Cache\Admin\e973eecb246bc6e9f7283eea6f77be42.php 第 310 行.
NOTIC: [8] Undefined index: zhyzb D:\WWW\haval\web\haval\Application\Runtime\Cache\Admin\e973eecb246bc6e9f7283eea6f77be42.php 第 311 行.
NOTIC: [8] Undefined index: yhyzb D:\WWW\haval\web\haval\Application\Runtime\Cache\Admin\e973eecb246bc6e9f7283eea6f77be42.php 第 312 行.
NOTIC: [8] Undefined index: hbxg D:\WWW\haval\web\haval\Application\Runtime\Cache\Admin\e973eecb246bc6e9f7283eea6f77be42.php 第 313 行.
NOTIC: [8] Undefined variable: page D:\WWW\haval\web\haval\Application\Runtime\Cache\Admin\e973eecb246bc6e9f7283eea6f77be42.php 第 334 行.
INFO: Run Behavior\ParseTemplateBehavior [ RunTime:0.015625s ]
INFO: [ view_parse ] --END-- [ RunTime:0.015625s ]
INFO: [ view_filter ] --START--
INFO: Run Behavior\WriteHtmlCacheBehavior [ RunTime:0.000000s ]
INFO: [ view_filter ] --END-- [ RunTime:0.000000s ]
INFO: [ app_end ] --START--
INFO: Run Behavior\ShowPageTraceBehavior [ RunTime:0.000000s ]
INFO: [ app_end ] --END-- [ RunTime:0.000000s ]

[ 2017-12-28T15:51:56+08:00 ] 110.156.72.198 /web/haval/index.php/Admin/Index/brondlist.html
INFO: [ app_init ] --START--
INFO: Run Behavior\BuildLiteBehavior [ RunTime:0.000000s ]
INFO: [ app_init ] --END-- [ RunTime:0.000000s ]
INFO: [ app_begin ] --START--
INFO: Run Behavior\ReadHtmlCacheBehavior [ RunTime:0.000000s ]
INFO: [ app_begin ] --END-- [ RunTime:0.000000s ]
SQL: SHOW COLUMNS FROM `sw_carbrand` [ RunTime:0.0000s ]
SQL: SELECT COUNT(*) AS tp_count FROM `sw_carbrand` LIMIT 1   [ RunTime:0.0000s ]
SQL: SELECT * FROM `sw_carbrand` LIMIT 0,10   [ RunTime:0.0000s ]
INFO: [ view_parse ] --START--
INFO: [ template_filter ] --START--
INFO: Run Behavior\ContentReplaceBehavior [ RunTime:0.000000s ]
INFO: [ template_filter ] --END-- [ RunTime:0.000000s ]
INFO: Run Behavior\ParseTemplateBehavior [ RunTime:0.015624s ]
INFO: [ view_parse ] --END-- [ RunTime:0.015624s ]
INFO: [ view_filter ] --START--
INFO: Run Behavior\WriteHtmlCacheBehavior [ RunTime:0.000000s ]
INFO: [ view_filter ] --END-- [ RunTime:0.000000s ]
INFO: [ app_end ] --START--
INFO: Run Behavior\ShowPageTraceBehavior [ RunTime:0.000000s ]
INFO: [ app_end ] --END-- [ RunTime:0.000000s ]

[ 2017-12-28T15:51:59+08:00 ] 110.156.72.198 /web/haval/index.php/Admin/Index/shijiayuyue.html
INFO: [ app_init ] --START--
INFO: Run Behavior\BuildLiteBehavior [ RunTime:0.000000s ]
INFO: [ app_init ] --END-- [ RunTime:0.000000s ]
INFO: [ app_begin ] --START--
INFO: Run Behavior\ReadHtmlCacheBehavior [ RunTime:0.000000s ]
INFO: [ app_begin ] --END-- [ RunTime:0.000000s ]
SQL: SHOW COLUMNS FROM `sw_displacement` [ RunTime:0.0000s ]
SQL: SHOW COLUMNS FROM `sw_carbrand` [ RunTime:0.0000s ]
SQL: SELECT * FROM sw_carbrand carbrand,sw_carmodel carmodel,sw_displacement displacement,sw_shijia shijia WHERE ( carbrand.id=carmodel.bid  and carmodel.mid =displacement.mid and shijia.did=displacement.did and zhuangtai=1  ) ORDER BY yid desc  [ RunTime:0.0000s ]
INFO: [ view_parse ] --START--
INFO: [ template_filter ] --START--
INFO: Run Behavior\ContentReplaceBehavior [ RunTime:0.000000s ]
INFO: [ template_filter ] --END-- [ RunTime:0.000000s ]
NOTIC: [8] Undefined variable: page D:\WWW\haval\web\haval\Application\Runtime\Cache\Admin\c5810f7dc7d3da29113da339d8818178.php 第 284 行.
INFO: Run Behavior\ParseTemplateBehavior [ RunTime:0.015624s ]
INFO: [ view_parse ] --END-- [ RunTime:0.015624s ]
INFO: [ view_filter ] --START--
INFO: Run Behavior\WriteHtmlCacheBehavior [ RunTime:0.000000s ]
INFO: [ view_filter ] --END-- [ RunTime:0.000000s ]
INFO: [ app_end ] --START--
INFO: Run Behavior\ShowPageTraceBehavior [ RunTime:0.000000s ]
INFO: [ app_end ] --END-- [ RunTime:0.000000s ]

[ 2017-12-28T15:52:03+08:00 ] 110.156.72.198 /web/haval/index.php/Admin/Index/baoyangyuyue.html
INFO: [ app_init ] --START--
INFO: Run Behavior\BuildLiteBehavior [ RunTime:0.000000s ]
INFO: [ app_init ] --END-- [ RunTime:0.000000s ]
INFO: [ app_begin ] --START--
INFO: Run Behavior\ReadHtmlCacheBehavior [ RunTime:0.000000s ]
INFO: [ app_begin ] --END-- [ RunTime:0.000000s ]
SQL: SHOW COLUMNS FROM `sw_dc` [ RunTime:0.0000s ]
SQL: SHOW COLUMNS FROM `sw_by` [ RunTime:0.0000s ]
SQL: SHOW COLUMNS FROM `sw_carbrand` [ RunTime:0.0000s ]
SQL: SELECT * FROM sw_carbrand carbrand,sw_carmodel carmodel,sw_displacement displacement,sw_by bys WHERE ( carbrand.id=carmodel.bid  and carmodel.mid =displacement.mid and bys.did=displacement.did and zhuangtai!=0 ) ORDER BY ybid desc  [ RunTime:0.0156s ]
SQL: SELECT * FROM `sw_dc` WHERE ( dcid in (7,4) )  [ RunTime:0.0000s ]
INFO: [ view_parse ] --START--
INFO: [ template_filter ] --START--
INFO: Run Behavior\ContentReplaceBehavior [ RunTime:0.000000s ]
INFO: [ template_filter ] --END-- [ RunTime:0.000000s ]
NOTIC: [8] Undefined variable: page D:\WWW\haval\web\haval\Application\Runtime\Cache\Admin\0f0bceaf251077b25085e14f1da621c9.php 第 322 行.
INFO: Run Behavior\ParseTemplateBehavior [ RunTime:0.000000s ]
INFO: [ view_parse ] --END-- [ RunTime:0.000000s ]
INFO: [ view_filter ] --START--
INFO: Run Behavior\WriteHtmlCacheBehavior [ RunTime:0.000000s ]
INFO: [ view_filter ] --END-- [ RunTime:0.000000s ]
INFO: [ app_end ] --START--
INFO: Run Behavior\ShowPageTraceBehavior [ RunTime:0.015624s ]
INFO: [ app_end ] --END-- [ RunTime:0.015624s ]

[ 2017-12-28T15:52:10+08:00 ] 110.156.72.198 /web/haval/index.php/Admin/Index/weixiuyuyue.html
INFO: [ app_init ] --START--
INFO: Run Behavior\BuildLiteBehavior [ RunTime:0.000000s ]
INFO: [ app_init ] --END-- [ RunTime:0.000000s ]
INFO: [ app_begin ] --START--
INFO: Run Behavior\ReadHtmlCacheBehavior [ RunTime:0.000000s ]
INFO: [ app_begin ] --END-- [ RunTime:0.000000s ]
SQL: SHOW COLUMNS FROM `sw_by` [ RunTime:0.0000s ]
SQL: SHOW COLUMNS FROM `sw_carbrand` [ RunTime:0.0000s ]
SQL: SELECT * FROM sw_carbrand carbrand,sw_carmodel carmodel,sw_displacement displacement,sw_wx wx WHERE ( carbrand.id=carmodel.bid  and carmodel.mid =displacement.mid and wx.did=displacement.did and zhuangtai!=0 ) ORDER BY wid desc  [ RunTime:0.0000s ]
INFO: [ view_parse ] --START--
INFO: [ template_filter ] --START--
INFO: Run Behavior\ContentReplaceBehavior [ RunTime:0.000000s ]
INFO: [ template_filter ] --END-- [ RunTime:0.000000s ]
NOTIC: [8] Undefined variable: page D:\WWW\haval\web\haval\Application\Runtime\Cache\Admin\ec64581f2c769adbd9349033cb027758.php 第 317 行.
INFO: Run Behavior\ParseTemplateBehavior [ RunTime:0.015625s ]
INFO: [ view_parse ] --END-- [ RunTime:0.015625s ]
INFO: [ view_filter ] --START--
INFO: Run Behavior\WriteHtmlCacheBehavior [ RunTime:0.000000s ]
INFO: [ view_filter ] --END-- [ RunTime:0.000000s ]
INFO: [ app_end ] --START--
INFO: Run Behavior\ShowPageTraceBehavior [ RunTime:0.000000s ]
INFO: [ app_end ] --END-- [ RunTime:0.000000s ]

[ 2017-12-28T15:52:17+08:00 ] 110.156.72.198 /web/haval/index.php/Admin/Index/yanzheng
INFO: [ app_init ] --START--
INFO: Run Behavior\BuildLiteBehavior [ RunTime:0.000000s ]
INFO: [ app_init ] --END-- [ RunTime:0.000000s ]
INFO: [ app_begin ] --START--
INFO: Run Behavior\ReadHtmlCacheBehavior [ RunTime:0.000000s ]
INFO: [ app_begin ] --END-- [ RunTime:0.000000s ]
INFO: [ view_parse ] --START--
INFO: [ template_filter ] --START--
INFO: Run Behavior\ContentReplaceBehavior [ RunTime:0.000000s ]
INFO: [ template_filter ] --END-- [ RunTime:0.000000s ]
INFO: Run Behavior\ParseTemplateBehavior [ RunTime:0.015625s ]
INFO: [ view_parse ] --END-- [ RunTime:0.015625s ]
INFO: [ view_filter ] --START--
INFO: Run Behavior\WriteHtmlCacheBehavior [ RunTime:0.000000s ]
INFO: [ view_filter ] --END-- [ RunTime:0.000000s ]
INFO: [ app_end ] --START--
INFO: Run Behavior\ShowPageTraceBehavior [ RunTime:0.000000s ]
INFO: [ app_end ] --END-- [ RunTime:0.000000s ]

[ 2017-12-28T15:52:20+08:00 ] 110.156.72.198 /web/haval/index.php/Admin/Index/addcomponents.html
INFO: [ app_init ] --START--
INFO: Run Behavior\BuildLiteBehavior [ RunTime:0.000000s ]
INFO: [ app_init ] --END-- [ RunTime:0.000000s ]
INFO: [ app_begin ] --START--
INFO: Run Behavior\ReadHtmlCacheBehavior [ RunTime:0.000000s ]
INFO: [ app_begin ] --END-- [ RunTime:0.000000s ]
INFO: [ view_parse ] --START--
INFO: [ template_filter ] --START--
INFO: Run Behavior\ContentReplaceBehavior [ RunTime:0.000000s ]
INFO: [ template_filter ] --END-- [ RunTime:0.000000s ]
INFO: Run Behavior\ParseTemplateBehavior [ RunTime:0.015625s ]
INFO: [ view_parse ] --END-- [ RunTime:0.015625s ]
INFO: [ view_filter ] --START--
INFO: Run Behavior\WriteHtmlCacheBehavior [ RunTime:0.000000s ]
INFO: [ view_filter ] --END-- [ RunTime:0.000000s ]
INFO: [ app_end ] --START--
INFO: Run Behavior\ShowPageTraceBehavior [ RunTime:0.000000s ]
INFO: [ app_end ] --END-- [ RunTime:0.000000s ]

[ 2017-12-28T15:52:22+08:00 ] 110.156.72.198 /web/haval/index.php/Admin/Index/shijiayuyue.html
INFO: [ app_init ] --START--
INFO: Run Behavior\BuildLiteBehavior [ RunTime:0.000000s ]
INFO: [ app_init ] --END-- [ RunTime:0.000000s ]
INFO: [ app_begin ] --START--
INFO: Run Behavior\ReadHtmlCacheBehavior [ RunTime:0.000000s ]
INFO: [ app_begin ] --END-- [ RunTime:0.000000s ]
SQL: SHOW COLUMNS FROM `sw_displacement` [ RunTime:0.0000s ]
SQL: SHOW COLUMNS FROM `sw_carbrand` [ RunTime:0.0156s ]
SQL: SELECT * FROM sw_carbrand carbrand,sw_carmodel carmodel,sw_displacement displacement,sw_shijia shijia WHERE ( carbrand.id=carmodel.bid  and carmodel.mid =displacement.mid and shijia.did=displacement.did and zhuangtai=1  ) ORDER BY yid desc  [ RunTime:0.0000s ]
INFO: [ view_parse ] --START--
INFO: [ template_filter ] --START--
INFO: Run Behavior\ContentReplaceBehavior [ RunTime:0.000000s ]
INFO: [ template_filter ] --END-- [ RunTime:0.000000s ]
NOTIC: [8] Undefined variable: page D:\WWW\haval\web\haval\Application\Runtime\Cache\Admin\c5810f7dc7d3da29113da339d8818178.php 第 284 行.
INFO: Run Behavior\ParseTemplateBehavior [ RunTime:0.015625s ]
INFO: [ view_parse ] --END-- [ RunTime:0.015625s ]
INFO: [ view_filter ] --START--
INFO: Run Behavior\WriteHtmlCacheBehavior [ RunTime:0.000000s ]
INFO: [ view_filter ] --END-- [ RunTime:0.000000s ]
INFO: [ app_end ] --START--
INFO: Run Behavior\ShowPageTraceBehavior [ RunTime:0.000000s ]
INFO: [ app_end ] --END-- [ RunTime:0.000000s ]

