[ 2017-12-25T12:58:38+08:00 ] 124.93.196.8 /web/haval/index.php/Admin/
INFO: [ app_init ] --START--
INFO: Run Behavior\BuildLiteBehavior [ RunTime:0.000000s ]
INFO: [ app_init ] --END-- [ RunTime:0.000000s ]
INFO: [ app_begin ] --START--
INFO: Run Behavior\ReadHtmlCacheBehavior [ RunTime:0.000000s ]
INFO: [ app_begin ] --END-- [ RunTime:0.000000s ]
ERR: 模板不存在:./Application/Admin/View/Index/index.html

[ 2017-12-25T12:58:49+08:00 ] 124.93.196.8 /web/haval/index.php/Admin/addcomponents.html
INFO: [ app_init ] --START--
INFO: Run Behavior\BuildLiteBehavior [ RunTime:0.000000s ]
INFO: [ app_init ] --END-- [ RunTime:0.000000s ]
INFO: [ app_begin ] --START--
INFO: Run Behavior\ReadHtmlCacheBehavior [ RunTime:0.000000s ]
INFO: [ app_begin ] --END-- [ RunTime:0.000000s ]
ERR: 无法加载控制器:Addcomponents

[ 2017-12-25T12:58:58+08:00 ] 124.93.196.8 /web/haval/index.php/Admin/Index/addcomponents.html
INFO: [ app_init ] --START--
INFO: Run Behavior\BuildLiteBehavior [ RunTime:0.000000s ]
INFO: [ app_init ] --END-- [ RunTime:0.000000s ]
INFO: [ app_begin ] --START--
INFO: Run Behavior\ReadHtmlCacheBehavior [ RunTime:0.000000s ]
INFO: [ app_begin ] --END-- [ RunTime:0.000000s ]
INFO: [ view_parse ] --START--
INFO: [ template_filter ] --START--
INFO: Run Behavior\ContentReplaceBehavior [ RunTime:0.031250s ]
INFO: [ template_filter ] --END-- [ RunTime:0.031250s ]
INFO: Run Behavior\ParseTemplateBehavior [ RunTime:0.046875s ]
INFO: [ view_parse ] --END-- [ RunTime:0.046875s ]
INFO: [ view_filter ] --START--
INFO: Run Behavior\WriteHtmlCacheBehavior [ RunTime:0.000000s ]
INFO: [ view_filter ] --END-- [ RunTime:0.000000s ]
INFO: [ app_end ] --START--
INFO: Run Behavior\ShowPageTraceBehavior [ RunTime:0.000000s ]
INFO: [ app_end ] --END-- [ RunTime:0.000000s ]

[ 2017-12-25T12:58:58+08:00 ] 124.93.196.8 /web/haval/index.php/Admin/Index/assets/i/favicon.png
INFO: [ app_init ] --START--
INFO: Run Behavior\BuildLiteBehavior [ RunTime:0.000000s ]
INFO: [ app_init ] --END-- [ RunTime:0.000000s ]

[ 2017-12-25T12:59:16+08:00 ] 124.93.196.8 /web/haval/index.php/Admin/Index/form-amazeui.html
INFO: [ app_init ] --START--
INFO: Run Behavior\BuildLiteBehavior [ RunTime:0.000000s ]
INFO: [ app_init ] --END-- [ RunTime:0.000000s ]
INFO: [ app_begin ] --START--
INFO: Run Behavior\ReadHtmlCacheBehavior [ RunTime:0.000000s ]
INFO: [ app_begin ] --END-- [ RunTime:0.000000s ]
INFO: [ view_parse ] --START--
INFO: [ template_filter ] --START--
INFO: Run Behavior\ContentReplaceBehavior [ RunTime:0.000000s ]
INFO: [ template_filter ] --END-- [ RunTime:0.000000s ]
INFO: Run Behavior\ParseTemplateBehavior [ RunTime:0.015625s ]
INFO: [ view_parse ] --END-- [ RunTime:0.015625s ]
INFO: [ view_filter ] --START--
INFO: Run Behavior\WriteHtmlCacheBehavior [ RunTime:0.000000s ]
INFO: [ view_filter ] --END-- [ RunTime:0.000000s ]
INFO: [ app_end ] --START--
INFO: Run Behavior\ShowPageTraceBehavior [ RunTime:0.000000s ]
INFO: [ app_end ] --END-- [ RunTime:0.000000s ]

[ 2017-12-25T12:59:20+08:00 ] 124.93.196.8 /web/haval/index.php/Admin/Index/index.html
INFO: [ app_init ] --START--
INFO: Run Behavior\BuildLiteBehavior [ RunTime:0.000000s ]
INFO: [ app_init ] --END-- [ RunTime:0.000000s ]
INFO: [ app_begin ] --START--
INFO: Run Behavior\ReadHtmlCacheBehavior [ RunTime:0.000000s ]
INFO: [ app_begin ] --END-- [ RunTime:0.000000s ]
ERR: 模板不存在:./Application/Admin/View/Index/index.html

[ 2017-12-25T13:47:12+08:00 ] 124.93.196.8 /web/haval/index.php/Admin/Index/form-amazeui.html
INFO: [ app_init ] --START--
INFO: Run Behavior\BuildLiteBehavior [ RunTime:0.000000s ]
INFO: [ app_init ] --END-- [ RunTime:0.000000s ]
INFO: [ app_begin ] --START--
INFO: Run Behavior\ReadHtmlCacheBehavior [ RunTime:0.000000s ]
INFO: [ app_begin ] --END-- [ RunTime:0.000000s ]
INFO: [ view_parse ] --START--
INFO: [ template_filter ] --START--
INFO: Run Behavior\ContentReplaceBehavior [ RunTime:0.000000s ]
INFO: [ template_filter ] --END-- [ RunTime:0.000000s ]
INFO: Run Behavior\ParseTemplateBehavior [ RunTime:0.007813s ]
INFO: [ view_parse ] --END-- [ RunTime:0.007813s ]
INFO: [ view_filter ] --START--
INFO: Run Behavior\WriteHtmlCacheBehavior [ RunTime:0.000000s ]
INFO: [ view_filter ] --END-- [ RunTime:0.000000s ]
INFO: [ app_end ] --START--
INFO: Run Behavior\ShowPageTraceBehavior [ RunTime:0.000000s ]
INFO: [ app_end ] --END-- [ RunTime:0.000000s ]

[ 2017-12-25T13:47:16+08:00 ] 124.93.196.8 /web/haval/index.php/Admin/Index/brondlist.html
INFO: [ app_init ] --START--
INFO: Run Behavior\BuildLiteBehavior [ RunTime:0.000000s ]
INFO: [ app_init ] --END-- [ RunTime:0.000000s ]
INFO: [ app_begin ] --START--
INFO: Run Behavior\ReadHtmlCacheBehavior [ RunTime:0.000000s ]
INFO: [ app_begin ] --END-- [ RunTime:0.000000s ]
SQL: SHOW COLUMNS FROM `sw_carbrand` [ RunTime:0.0156s ]
SQL: SELECT COUNT(*) AS tp_count FROM `sw_carbrand` LIMIT 1   [ RunTime:0.0000s ]
SQL: SELECT * FROM `sw_carbrand` LIMIT 0,10   [ RunTime:0.0000s ]
INFO: [ view_parse ] --START--
INFO: [ template_filter ] --START--
INFO: Run Behavior\ContentReplaceBehavior [ RunTime:0.000000s ]
INFO: [ template_filter ] --END-- [ RunTime:0.000000s ]
INFO: Run Behavior\ParseTemplateBehavior [ RunTime:0.023438s ]
INFO: [ view_parse ] --END-- [ RunTime:0.023438s ]
INFO: [ view_filter ] --START--
INFO: Run Behavior\WriteHtmlCacheBehavior [ RunTime:0.000000s ]
INFO: [ view_filter ] --END-- [ RunTime:0.000000s ]
INFO: [ app_end ] --START--
INFO: Run Behavior\ShowPageTraceBehavior [ RunTime:0.007812s ]
INFO: [ app_end ] --END-- [ RunTime:0.007812s ]

[ 2017-12-25T13:47:17+08:00 ] 124.93.196.8 /web/haval/index.php/Admin/Index/form-amazeui.html
INFO: [ app_init ] --START--
INFO: Run Behavior\BuildLiteBehavior [ RunTime:0.000000s ]
INFO: [ app_init ] --END-- [ RunTime:0.000000s ]
INFO: [ app_begin ] --START--
INFO: Run Behavior\ReadHtmlCacheBehavior [ RunTime:0.000000s ]
INFO: [ app_begin ] --END-- [ RunTime:0.000000s ]
INFO: [ view_parse ] --START--
INFO: [ template_filter ] --START--
INFO: Run Behavior\ContentReplaceBehavior [ RunTime:0.000000s ]
INFO: [ template_filter ] --END-- [ RunTime:0.000000s ]
INFO: Run Behavior\ParseTemplateBehavior [ RunTime:0.007812s ]
INFO: [ view_parse ] --END-- [ RunTime:0.007812s ]
INFO: [ view_filter ] --START--
INFO: Run Behavior\WriteHtmlCacheBehavior [ RunTime:0.000000s ]
INFO: [ view_filter ] --END-- [ RunTime:0.000000s ]
INFO: [ app_end ] --START--
INFO: Run Behavior\ShowPageTraceBehavior [ RunTime:0.000000s ]
INFO: [ app_end ] --END-- [ RunTime:0.000000s ]

[ 2017-12-25T13:47:19+08:00 ] 124.93.196.8 /web/haval/index.php/Admin/Index/brondlist3
INFO: [ app_init ] --START--
INFO: Run Behavior\BuildLiteBehavior [ RunTime:0.000000s ]
INFO: [ app_init ] --END-- [ RunTime:0.000000s ]
INFO: [ app_begin ] --START--
INFO: Run Behavior\ReadHtmlCacheBehavior [ RunTime:0.000000s ]
INFO: [ app_begin ] --END-- [ RunTime:0.000000s ]
SQL: SHOW COLUMNS FROM `sw_carbrand` [ RunTime:0.0000s ]
SQL: SELECT COUNT(*) AS tp_count FROM `sw_carbrand` LIMIT 1   [ RunTime:0.0078s ]
SQL: SELECT * FROM `sw_carbrand` LIMIT 0,10   [ RunTime:0.0000s ]
INFO: [ view_parse ] --START--
INFO: [ template_filter ] --START--
INFO: Run Behavior\ContentReplaceBehavior [ RunTime:0.000000s ]
INFO: [ template_filter ] --END-- [ RunTime:0.000000s ]
INFO: Run Behavior\ParseTemplateBehavior [ RunTime:0.023438s ]
INFO: [ view_parse ] --END-- [ RunTime:0.023438s ]
INFO: [ view_filter ] --START--
INFO: Run Behavior\WriteHtmlCacheBehavior [ RunTime:0.000000s ]
INFO: [ view_filter ] --END-- [ RunTime:0.000000s ]
INFO: [ app_end ] --START--
INFO: Run Behavior\ShowPageTraceBehavior [ RunTime:0.000000s ]
INFO: [ app_end ] --END-- [ RunTime:0.000000s ]

[ 2017-12-25T13:47:20+08:00 ] 124.93.196.8 /web/haval/index.php/Admin/Index/bjyuyue.html
INFO: [ app_init ] --START--
INFO: Run Behavior\BuildLiteBehavior [ RunTime:0.000000s ]
INFO: [ app_init ] --END-- [ RunTime:0.000000s ]
INFO: [ app_begin ] --START--
INFO: Run Behavior\ReadHtmlCacheBehavior [ RunTime:0.000000s ]
INFO: [ app_begin ] --END-- [ RunTime:0.000000s ]
SQL: SHOW COLUMNS FROM `sw_bjprice` [ RunTime:0.0078s ]
SQL: SHOW COLUMNS FROM `sw_displacement` [ RunTime:0.0000s ]
SQL: SHOW COLUMNS FROM `sw_carbrand` [ RunTime:0.0078s ]
SQL: SELECT * FROM sw_carbrand carbrand,sw_carmodel carmodel,sw_displacement displacement,sw_ybj ybj WHERE ( carbrand.id=carmodel.bid  and carmodel.mid =displacement.mid and ybj.did=displacement.did and zhuangtai!=0 ) ORDER BY ybid desc  [ RunTime:0.0000s ]
SQL: SELECT `qbxg`,`yqyzb`,`fdjcg`,`hbxg` FROM `sw_bjprice` WHERE ( did='4' )  [ RunTime:0.0000s ]
SQL: SELECT `fdjcg`,`qbxg`,`zqyzb` FROM `sw_bjprice` WHERE ( did='4' )  [ RunTime:0.0000s ]
INFO: [ view_parse ] --START--
INFO: [ template_filter ] --START--
INFO: Run Behavior\ContentReplaceBehavior [ RunTime:0.000000s ]
INFO: [ template_filter ] --END-- [ RunTime:0.000000s ]
NOTIC: [8] Undefined index: zqyzb D:\WWW\haval\web\haval\Application\Runtime\Cache\Admin\e973eecb246bc6e9f7283eea6f77be42.php 第 287 行.
NOTIC: [8] Undefined index: zddb D:\WWW\haval\web\haval\Application\Runtime\Cache\Admin\e973eecb246bc6e9f7283eea6f77be42.php 第 289 行.
NOTIC: [8] Undefined index: zfgj D:\WWW\haval\web\haval\Application\Runtime\Cache\Admin\e973eecb246bc6e9f7283eea6f77be42.php 第 290 行.
NOTIC: [8] Undefined index: yfgj D:\WWW\haval\web\haval\Application\Runtime\Cache\Admin\e973eecb246bc6e9f7283eea6f77be42.php 第 291 行.
NOTIC: [8] Undefined index: zqm D:\WWW\haval\web\haval\Application\Runtime\Cache\Admin\e973eecb246bc6e9f7283eea6f77be42.php 第 292 行.
NOTIC: [8] Undefined index: yqm D:\WWW\haval\web\haval\Application\Runtime\Cache\Admin\e973eecb246bc6e9f7283eea6f77be42.php 第 293 行.
NOTIC: [8] Undefined index: cd D:\WWW\haval\web\haval\Application\Runtime\Cache\Admin\e973eecb246bc6e9f7283eea6f77be42.php 第 294 行.
NOTIC: [8] Undefined index: yhm D:\WWW\haval\web\haval\Application\Runtime\Cache\Admin\e973eecb246bc6e9f7283eea6f77be42.php 第 295 行.
NOTIC: [8] Undefined index: xlxg D:\WWW\haval\web\haval\Application\Runtime\Cache\Admin\e973eecb246bc6e9f7283eea6f77be42.php 第 296 行.
NOTIC: [8] Undefined index: zhyzb D:\WWW\haval\web\haval\Application\Runtime\Cache\Admin\e973eecb246bc6e9f7283eea6f77be42.php 第 297 行.
NOTIC: [8] Undefined index: yhyzb D:\WWW\haval\web\haval\Application\Runtime\Cache\Admin\e973eecb246bc6e9f7283eea6f77be42.php 第 298 行.
NOTIC: [8] Undefined index: yqyzb D:\WWW\haval\web\haval\Application\Runtime\Cache\Admin\e973eecb246bc6e9f7283eea6f77be42.php 第 288 行.
NOTIC: [8] Undefined index: zddb D:\WWW\haval\web\haval\Application\Runtime\Cache\Admin\e973eecb246bc6e9f7283eea6f77be42.php 第 289 行.
NOTIC: [8] Undefined index: zfgj D:\WWW\haval\web\haval\Application\Runtime\Cache\Admin\e973eecb246bc6e9f7283eea6f77be42.php 第 290 行.
NOTIC: [8] Undefined index: yfgj D:\WWW\haval\web\haval\Application\Runtime\Cache\Admin\e973eecb246bc6e9f7283eea6f77be42.php 第 291 行.
NOTIC: [8] Undefined index: zqm D:\WWW\haval\web\haval\Application\Runtime\Cache\Admin\e973eecb246bc6e9f7283eea6f77be42.php 第 292 行.
NOTIC: [8] Undefined index: yqm D:\WWW\haval\web\haval\Application\Runtime\Cache\Admin\e973eecb246bc6e9f7283eea6f77be42.php 第 293 行.
NOTIC: [8] Undefined index: cd D:\WWW\haval\web\haval\Application\Runtime\Cache\Admin\e973eecb246bc6e9f7283eea6f77be42.php 第 294 行.
NOTIC: [8] Undefined index: yhm D:\WWW\haval\web\haval\Application\Runtime\Cache\Admin\e973eecb246bc6e9f7283eea6f77be42.php 第 295 行.
NOTIC: [8] Undefined index: xlxg D:\WWW\haval\web\haval\Application\Runtime\Cache\Admin\e973eecb246bc6e9f7283eea6f77be42.php 第 296 行.
NOTIC: [8] Undefined index: zhyzb D:\WWW\haval\web\haval\Application\Runtime\Cache\Admin\e973eecb246bc6e9f7283eea6f77be42.php 第 297 行.
NOTIC: [8] Undefined index: yhyzb D:\WWW\haval\web\haval\Application\Runtime\Cache\Admin\e973eecb246bc6e9f7283eea6f77be42.php 第 298 行.
NOTIC: [8] Undefined index: hbxg D:\WWW\haval\web\haval\Application\Runtime\Cache\Admin\e973eecb246bc6e9f7283eea6f77be42.php 第 299 行.
NOTIC: [8] Undefined variable: page D:\WWW\haval\web\haval\Application\Runtime\Cache\Admin\e973eecb246bc6e9f7283eea6f77be42.php 第 318 行.
INFO: Run Behavior\ParseTemplateBehavior [ RunTime:0.078125s ]
INFO: [ view_parse ] --END-- [ RunTime:0.078125s ]
INFO: [ view_filter ] --START--
INFO: Run Behavior\WriteHtmlCacheBehavior [ RunTime:0.000000s ]
INFO: [ view_filter ] --END-- [ RunTime:0.000000s ]
INFO: [ app_end ] --START--
INFO: Run Behavior\ShowPageTraceBehavior [ RunTime:0.000000s ]
INFO: [ app_end ] --END-- [ RunTime:0.000000s ]

[ 2017-12-25T13:50:24+08:00 ] 124.93.196.8 /web/haval/index.php/Admin/Index/bjyuyue.html
INFO: [ app_init ] --START--
INFO: Run Behavior\BuildLiteBehavior [ RunTime:0.000000s ]
INFO: [ app_init ] --END-- [ RunTime:0.000000s ]
INFO: [ app_begin ] --START--
INFO: Run Behavior\ReadHtmlCacheBehavior [ RunTime:0.015625s ]
INFO: [ app_begin ] --END-- [ RunTime:0.015625s ]
SQL: SHOW COLUMNS FROM `sw_bjprice` [ RunTime:0.0000s ]
SQL: SHOW COLUMNS FROM `sw_displacement` [ RunTime:0.0156s ]
SQL: SHOW COLUMNS FROM `sw_carbrand` [ RunTime:0.0000s ]
SQL: SELECT * FROM sw_carbrand carbrand,sw_carmodel carmodel,sw_displacement displacement,sw_ybj ybj WHERE ( carbrand.id=carmodel.bid  and carmodel.mid =displacement.mid and ybj.did=displacement.did and zhuangtai!=0 ) ORDER BY ybid desc  [ RunTime:0.0000s ]
SQL: SELECT `qbxg`,`yqyzb`,`fdjcg`,`hbxg` FROM `sw_bjprice` WHERE ( did='4' )  [ RunTime:0.0000s ]
SQL: SELECT `fdjcg`,`qbxg`,`zqyzb` FROM `sw_bjprice` WHERE ( did='4' )  [ RunTime:0.0000s ]
INFO: [ view_parse ] --START--
INFO: [ template_filter ] --START--
INFO: Run Behavior\ContentReplaceBehavior [ RunTime:0.000000s ]
INFO: [ template_filter ] --END-- [ RunTime:0.000000s ]
NOTIC: [8] Undefined index: zqyzb D:\WWW\haval\web\haval\Application\Runtime\Cache\Admin\e973eecb246bc6e9f7283eea6f77be42.php 第 293 行.
NOTIC: [8] Undefined index: zddb D:\WWW\haval\web\haval\Application\Runtime\Cache\Admin\e973eecb246bc6e9f7283eea6f77be42.php 第 295 行.
NOTIC: [8] Undefined index: zfgj D:\WWW\haval\web\haval\Application\Runtime\Cache\Admin\e973eecb246bc6e9f7283eea6f77be42.php 第 296 行.
NOTIC: [8] Undefined index: yfgj D:\WWW\haval\web\haval\Application\Runtime\Cache\Admin\e973eecb246bc6e9f7283eea6f77be42.php 第 297 行.
NOTIC: [8] Undefined index: zqm D:\WWW\haval\web\haval\Application\Runtime\Cache\Admin\e973eecb246bc6e9f7283eea6f77be42.php 第 298 行.
NOTIC: [8] Undefined index: yqm D:\WWW\haval\web\haval\Application\Runtime\Cache\Admin\e973eecb246bc6e9f7283eea6f77be42.php 第 299 行.
NOTIC: [8] Undefined index: cd D:\WWW\haval\web\haval\Application\Runtime\Cache\Admin\e973eecb246bc6e9f7283eea6f77be42.php 第 300 行.
NOTIC: [8] Undefined index: yhm D:\WWW\haval\web\haval\Application\Runtime\Cache\Admin\e973eecb246bc6e9f7283eea6f77be42.php 第 301 行.
NOTIC: [8] Undefined index: xlxg D:\WWW\haval\web\haval\Application\Runtime\Cache\Admin\e973eecb246bc6e9f7283eea6f77be42.php 第 302 行.
NOTIC: [8] Undefined index: zhyzb D:\WWW\haval\web\haval\Application\Runtime\Cache\Admin\e973eecb246bc6e9f7283eea6f77be42.php 第 303 行.
NOTIC: [8] Undefined index: yhyzb D:\WWW\haval\web\haval\Application\Runtime\Cache\Admin\e973eecb246bc6e9f7283eea6f77be42.php 第 304 行.
NOTIC: [8] Undefined index: yqyzb D:\WWW\haval\web\haval\Application\Runtime\Cache\Admin\e973eecb246bc6e9f7283eea6f77be42.php 第 294 行.
NOTIC: [8] Undefined index: zddb D:\WWW\haval\web\haval\Application\Runtime\Cache\Admin\e973eecb246bc6e9f7283eea6f77be42.php 第 295 行.
NOTIC: [8] Undefined index: zfgj D:\WWW\haval\web\haval\Application\Runtime\Cache\Admin\e973eecb246bc6e9f7283eea6f77be42.php 第 296 行.
NOTIC: [8] Undefined index: yfgj D:\WWW\haval\web\haval\Application\Runtime\Cache\Admin\e973eecb246bc6e9f7283eea6f77be42.php 第 297 行.
NOTIC: [8] Undefined index: zqm D:\WWW\haval\web\haval\Application\Runtime\Cache\Admin\e973eecb246bc6e9f7283eea6f77be42.php 第 298 行.
NOTIC: [8] Undefined index: yqm D:\WWW\haval\web\haval\Application\Runtime\Cache\Admin\e973eecb246bc6e9f7283eea6f77be42.php 第 299 行.
NOTIC: [8] Undefined index: cd D:\WWW\haval\web\haval\Application\Runtime\Cache\Admin\e973eecb246bc6e9f7283eea6f77be42.php 第 300 行.
NOTIC: [8] Undefined index: yhm D:\WWW\haval\web\haval\Application\Runtime\Cache\Admin\e973eecb246bc6e9f7283eea6f77be42.php 第 301 行.
NOTIC: [8] Undefined index: xlxg D:\WWW\haval\web\haval\Application\Runtime\Cache\Admin\e973eecb246bc6e9f7283eea6f77be42.php 第 302 行.
NOTIC: [8] Undefined index: zhyzb D:\WWW\haval\web\haval\Application\Runtime\Cache\Admin\e973eecb246bc6e9f7283eea6f77be42.php 第 303 行.
NOTIC: [8] Undefined index: yhyzb D:\WWW\haval\web\haval\Application\Runtime\Cache\Admin\e973eecb246bc6e9f7283eea6f77be42.php 第 304 行.
NOTIC: [8] Undefined index: hbxg D:\WWW\haval\web\haval\Application\Runtime\Cache\Admin\e973eecb246bc6e9f7283eea6f77be42.php 第 305 行.
NOTIC: [8] Undefined variable: page D:\WWW\haval\web\haval\Application\Runtime\Cache\Admin\e973eecb246bc6e9f7283eea6f77be42.php 第 324 行.
INFO: Run Behavior\ParseTemplateBehavior [ RunTime:0.046875s ]
INFO: [ view_parse ] --END-- [ RunTime:0.046875s ]
INFO: [ view_filter ] --START--
INFO: Run Behavior\WriteHtmlCacheBehavior [ RunTime:0.000000s ]
INFO: [ view_filter ] --END-- [ RunTime:0.000000s ]
INFO: [ app_end ] --START--
INFO: Run Behavior\ShowPageTraceBehavior [ RunTime:0.000000s ]
INFO: [ app_end ] --END-- [ RunTime:0.000000s ]

[ 2017-12-25T13:50:25+08:00 ] 124.93.196.8 /web/haval/index.php/Admin/Index/userlist.html
INFO: [ app_init ] --START--
INFO: Run Behavior\BuildLiteBehavior [ RunTime:0.000000s ]
INFO: [ app_init ] --END-- [ RunTime:0.000000s ]
INFO: [ app_begin ] --START--
INFO: Run Behavior\ReadHtmlCacheBehavior [ RunTime:0.000000s ]
INFO: [ app_begin ] --END-- [ RunTime:0.000000s ]
SQL: SHOW COLUMNS FROM `sw_user` [ RunTime:0.0000s ]
SQL: SELECT COUNT(*) AS tp_count FROM `sw_user` LIMIT 1   [ RunTime:0.0000s ]
SQL: SELECT * FROM `sw_user` LIMIT 0,10   [ RunTime:0.0000s ]
INFO: [ view_parse ] --START--
INFO: [ template_filter ] --START--
INFO: Run Behavior\ContentReplaceBehavior [ RunTime:0.000000s ]
INFO: [ template_filter ] --END-- [ RunTime:0.000000s ]
INFO: Run Behavior\ParseTemplateBehavior [ RunTime:0.031250s ]
INFO: [ view_parse ] --END-- [ RunTime:0.031250s ]
INFO: [ view_filter ] --START--
INFO: Run Behavior\WriteHtmlCacheBehavior [ RunTime:0.000000s ]
INFO: [ view_filter ] --END-- [ RunTime:0.000000s ]
INFO: [ app_end ] --START--
INFO: Run Behavior\ShowPageTraceBehavior [ RunTime:0.000000s ]
INFO: [ app_end ] --END-- [ RunTime:0.000000s ]

[ 2017-12-25T13:50:42+08:00 ] 124.93.196.8 /web/haval/index.php/Admin/Index/addadmin
INFO: [ app_init ] --START--
INFO: Run Behavior\BuildLiteBehavior [ RunTime:0.000000s ]
INFO: [ app_init ] --END-- [ RunTime:0.000000s ]
INFO: [ app_begin ] --START--
INFO: Run Behavior\ReadHtmlCacheBehavior [ RunTime:0.000000s ]
INFO: [ app_begin ] --END-- [ RunTime:0.000000s ]
SQL: SHOW COLUMNS FROM `sw_user` [ RunTime:0.0000s ]
NOTIC: [8] Undefined index: validate D:\WWW\haval\web\haval\ThinkPHP\Library\Think\Model.class.php 第 1185 行.
NOTIC: [8] Undefined index: auto D:\WWW\haval\web\haval\ThinkPHP\Library\Think\Model.class.php 第 1128 行.
SQL: UPDATE `sw_user` SET `role1`='1',`role2`='0',`role3`='0',`role4`='0' WHERE `uid` = 2 [ RunTime:0.0000s ]
INFO: [ view_parse ] --START--
INFO: [ template_filter ] --START--
INFO: Run Behavior\ContentReplaceBehavior [ RunTime:0.000000s ]
INFO: [ template_filter ] --END-- [ RunTime:0.000000s ]
INFO: Run Behavior\ParseTemplateBehavior [ RunTime:0.002930s ]
INFO: [ view_parse ] --END-- [ RunTime:0.002930s ]
INFO: [ view_filter ] --START--
INFO: Run Behavior\WriteHtmlCacheBehavior [ RunTime:0.000000s ]
INFO: [ view_filter ] --END-- [ RunTime:0.000000s ]
INFO: [ app_end ] --START--
INFO: Run Behavior\ShowPageTraceBehavior [ RunTime:0.000977s ]
INFO: [ app_end ] --END-- [ RunTime:0.000977s ]

[ 2017-12-25T13:50:43+08:00 ] 124.93.196.8 /web/haval/index.php/Admin/Index/userlist.html
INFO: [ app_init ] --START--
INFO: Run Behavior\BuildLiteBehavior [ RunTime:0.000000s ]
INFO: [ app_init ] --END-- [ RunTime:0.000000s ]
INFO: [ app_begin ] --START--
INFO: Run Behavior\ReadHtmlCacheBehavior [ RunTime:0.000000s ]
INFO: [ app_begin ] --END-- [ RunTime:0.000000s ]
SQL: SHOW COLUMNS FROM `sw_user` [ RunTime:0.0000s ]
SQL: SELECT COUNT(*) AS tp_count FROM `sw_user` LIMIT 1   [ RunTime:0.0000s ]
SQL: SELECT * FROM `sw_user` LIMIT 0,10   [ RunTime:0.0000s ]
INFO: [ view_parse ] --START--
INFO: [ template_filter ] --START--
INFO: Run Behavior\ContentReplaceBehavior [ RunTime:0.000000s ]
INFO: [ template_filter ] --END-- [ RunTime:0.000000s ]
INFO: Run Behavior\ParseTemplateBehavior [ RunTime:0.015625s ]
INFO: [ view_parse ] --END-- [ RunTime:0.015625s ]
INFO: [ view_filter ] --START--
INFO: Run Behavior\WriteHtmlCacheBehavior [ RunTime:0.000000s ]
INFO: [ view_filter ] --END-- [ RunTime:0.000000s ]
INFO: [ app_end ] --START--
INFO: Run Behavior\ShowPageTraceBehavior [ RunTime:0.000000s ]
INFO: [ app_end ] --END-- [ RunTime:0.000000s ]

[ 2017-12-25T13:51:17+08:00 ] 124.93.196.8 /web/haval/index.php/Admin/Index/form-amazeui.html
INFO: [ app_init ] --START--
INFO: Run Behavior\BuildLiteBehavior [ RunTime:0.000000s ]
INFO: [ app_init ] --END-- [ RunTime:0.000000s ]
INFO: [ app_begin ] --START--
INFO: Run Behavior\ReadHtmlCacheBehavior [ RunTime:0.000000s ]
INFO: [ app_begin ] --END-- [ RunTime:0.000000s ]
INFO: [ view_parse ] --START--
INFO: [ template_filter ] --START--
INFO: Run Behavior\ContentReplaceBehavior [ RunTime:0.000000s ]
INFO: [ template_filter ] --END-- [ RunTime:0.000000s ]
INFO: Run Behavior\ParseTemplateBehavior [ RunTime:0.015625s ]
INFO: [ view_parse ] --END-- [ RunTime:0.015625s ]
INFO: [ view_filter ] --START--
INFO: Run Behavior\WriteHtmlCacheBehavior [ RunTime:0.000000s ]
INFO: [ view_filter ] --END-- [ RunTime:0.000000s ]
INFO: [ app_end ] --START--
INFO: Run Behavior\ShowPageTraceBehavior [ RunTime:0.000000s ]
INFO: [ app_end ] --END-- [ RunTime:0.000000s ]

[ 2017-12-25T13:51:18+08:00 ] 124.93.196.8 /web/haval/index.php/Admin/Index/brondlist.html
INFO: [ app_init ] --START--
INFO: Run Behavior\BuildLiteBehavior [ RunTime:0.000000s ]
INFO: [ app_init ] --END-- [ RunTime:0.000000s ]
INFO: [ app_begin ] --START--
INFO: Run Behavior\ReadHtmlCacheBehavior [ RunTime:0.000000s ]
INFO: [ app_begin ] --END-- [ RunTime:0.000000s ]
SQL: SHOW COLUMNS FROM `sw_carbrand` [ RunTime:0.0000s ]
SQL: SELECT COUNT(*) AS tp_count FROM `sw_carbrand` LIMIT 1   [ RunTime:0.0000s ]
SQL: SELECT * FROM `sw_carbrand` LIMIT 0,10   [ RunTime:0.0000s ]
INFO: [ view_parse ] --START--
INFO: [ template_filter ] --START--
INFO: Run Behavior\ContentReplaceBehavior [ RunTime:0.000000s ]
INFO: [ template_filter ] --END-- [ RunTime:0.000000s ]
INFO: Run Behavior\ParseTemplateBehavior [ RunTime:0.031250s ]
INFO: [ view_parse ] --END-- [ RunTime:0.031250s ]
INFO: [ view_filter ] --START--
INFO: Run Behavior\WriteHtmlCacheBehavior [ RunTime:0.000000s ]
INFO: [ view_filter ] --END-- [ RunTime:0.000000s ]
INFO: [ app_end ] --START--
INFO: Run Behavior\ShowPageTraceBehavior [ RunTime:0.000000s ]
INFO: [ app_end ] --END-- [ RunTime:0.000000s ]

[ 2017-12-25T13:52:14+08:00 ] 124.93.196.8 /web/haval/index.php/Admin/Index/delbrand?id=9
INFO: [ app_init ] --START--
INFO: Run Behavior\BuildLiteBehavior [ RunTime:0.000000s ]
INFO: [ app_init ] --END-- [ RunTime:0.000000s ]
INFO: [ app_begin ] --START--
INFO: Run Behavior\ReadHtmlCacheBehavior [ RunTime:0.000000s ]
INFO: [ app_begin ] --END-- [ RunTime:0.000000s ]
SQL: SHOW COLUMNS FROM `sw_carbrand` [ RunTime:0.0000s ]
SQL: DELETE FROM `sw_carbrand` WHERE `id` = 9 [ RunTime:0.0000s ]
INFO: [ view_parse ] --START--
INFO: [ template_filter ] --START--
INFO: Run Behavior\ContentReplaceBehavior [ RunTime:0.000000s ]
INFO: [ template_filter ] --END-- [ RunTime:0.000000s ]
INFO: Run Behavior\ParseTemplateBehavior [ RunTime:0.015625s ]
INFO: [ view_parse ] --END-- [ RunTime:0.015625s ]
INFO: [ view_filter ] --START--
INFO: Run Behavior\WriteHtmlCacheBehavior [ RunTime:0.000000s ]
INFO: [ view_filter ] --END-- [ RunTime:0.000000s ]
INFO: [ app_end ] --START--
INFO: Run Behavior\ShowPageTraceBehavior [ RunTime:0.000000s ]
INFO: [ app_end ] --END-- [ RunTime:0.000000s ]

[ 2017-12-25T13:52:15+08:00 ] 124.93.196.8 /web/haval/index.php/Admin/Index/brondlist.html
INFO: [ app_init ] --START--
INFO: Run Behavior\BuildLiteBehavior [ RunTime:0.000000s ]
INFO: [ app_init ] --END-- [ RunTime:0.000000s ]
INFO: [ app_begin ] --START--
INFO: Run Behavior\ReadHtmlCacheBehavior [ RunTime:0.000000s ]
INFO: [ app_begin ] --END-- [ RunTime:0.000000s ]
SQL: SHOW COLUMNS FROM `sw_carbrand` [ RunTime:0.0000s ]
SQL: SELECT COUNT(*) AS tp_count FROM `sw_carbrand` LIMIT 1   [ RunTime:0.0000s ]
SQL: SELECT * FROM `sw_carbrand` LIMIT 0,10   [ RunTime:0.0000s ]
INFO: [ view_parse ] --START--
INFO: [ template_filter ] --START--
INFO: Run Behavior\ContentReplaceBehavior [ RunTime:0.000000s ]
INFO: [ template_filter ] --END-- [ RunTime:0.000000s ]
INFO: Run Behavior\ParseTemplateBehavior [ RunTime:0.015625s ]
INFO: [ view_parse ] --END-- [ RunTime:0.015625s ]
INFO: [ view_filter ] --START--
INFO: Run Behavior\WriteHtmlCacheBehavior [ RunTime:0.000000s ]
INFO: [ view_filter ] --END-- [ RunTime:0.000000s ]
INFO: [ app_end ] --START--
INFO: Run Behavior\ShowPageTraceBehavior [ RunTime:0.000000s ]
INFO: [ app_end ] --END-- [ RunTime:0.000000s ]

[ 2017-12-25T13:52:25+08:00 ] 124.93.196.8 /web/haval/index.php/Admin/Index/delbrand?id=12
INFO: [ app_init ] --START--
INFO: Run Behavior\BuildLiteBehavior [ RunTime:0.000000s ]
INFO: [ app_init ] --END-- [ RunTime:0.000000s ]
INFO: [ app_begin ] --START--
INFO: Run Behavior\ReadHtmlCacheBehavior [ RunTime:0.000000s ]
INFO: [ app_begin ] --END-- [ RunTime:0.000000s ]
SQL: SHOW COLUMNS FROM `sw_carbrand` [ RunTime:0.0000s ]
SQL: DELETE FROM `sw_carbrand` WHERE `id` = 12 [ RunTime:0.0000s ]
INFO: [ view_parse ] --START--
INFO: [ template_filter ] --START--
INFO: Run Behavior\ContentReplaceBehavior [ RunTime:0.000000s ]
INFO: [ template_filter ] --END-- [ RunTime:0.000000s ]
INFO: Run Behavior\ParseTemplateBehavior [ RunTime:0.000000s ]
INFO: [ view_parse ] --END-- [ RunTime:0.000000s ]
INFO: [ view_filter ] --START--
INFO: Run Behavior\WriteHtmlCacheBehavior [ RunTime:0.000000s ]
INFO: [ view_filter ] --END-- [ RunTime:0.000000s ]
INFO: [ app_end ] --START--
INFO: Run Behavior\ShowPageTraceBehavior [ RunTime:0.000000s ]
INFO: [ app_end ] --END-- [ RunTime:0.000000s ]

[ 2017-12-25T13:52:26+08:00 ] 124.93.196.8 /web/haval/index.php/Admin/Index/brondlist.html
INFO: [ app_init ] --START--
INFO: Run Behavior\BuildLiteBehavior [ RunTime:0.000000s ]
INFO: [ app_init ] --END-- [ RunTime:0.000000s ]
INFO: [ app_begin ] --START--
INFO: Run Behavior\ReadHtmlCacheBehavior [ RunTime:0.000000s ]
INFO: [ app_begin ] --END-- [ RunTime:0.000000s ]
SQL: SHOW COLUMNS FROM `sw_carbrand` [ RunTime:0.0000s ]
SQL: SELECT COUNT(*) AS tp_count FROM `sw_carbrand` LIMIT 1   [ RunTime:0.0000s ]
SQL: SELECT * FROM `sw_carbrand` LIMIT 0,10   [ RunTime:0.0000s ]
INFO: [ view_parse ] --START--
INFO: [ template_filter ] --START--
INFO: Run Behavior\ContentReplaceBehavior [ RunTime:0.000000s ]
INFO: [ template_filter ] --END-- [ RunTime:0.000000s ]
INFO: Run Behavior\ParseTemplateBehavior [ RunTime:0.000000s ]
INFO: [ view_parse ] --END-- [ RunTime:0.000000s ]
INFO: [ view_filter ] --START--
INFO: Run Behavior\WriteHtmlCacheBehavior [ RunTime:0.000000s ]
INFO: [ view_filter ] --END-- [ RunTime:0.000000s ]
INFO: [ app_end ] --START--
INFO: Run Behavior\ShowPageTraceBehavior [ RunTime:0.000000s ]
INFO: [ app_end ] --END-- [ RunTime:0.000000s ]

[ 2017-12-25T13:52:28+08:00 ] 124.93.196.8 /web/haval/index.php/Admin/Index/delbrand?id=8
INFO: [ app_init ] --START--
INFO: Run Behavior\BuildLiteBehavior [ RunTime:0.000000s ]
INFO: [ app_init ] --END-- [ RunTime:0.000000s ]
INFO: [ app_begin ] --START--
INFO: Run Behavior\ReadHtmlCacheBehavior [ RunTime:0.000000s ]
INFO: [ app_begin ] --END-- [ RunTime:0.000000s ]
SQL: SHOW COLUMNS FROM `sw_carbrand` [ RunTime:0.0000s ]
SQL: DELETE FROM `sw_carbrand` WHERE `id` = 8 [ RunTime:0.0000s ]
INFO: [ view_parse ] --START--
INFO: [ template_filter ] --START--
INFO: Run Behavior\ContentReplaceBehavior [ RunTime:0.000000s ]
INFO: [ template_filter ] --END-- [ RunTime:0.000000s ]
INFO: Run Behavior\ParseTemplateBehavior [ RunTime:0.000000s ]
INFO: [ view_parse ] --END-- [ RunTime:0.000000s ]
INFO: [ view_filter ] --START--
INFO: Run Behavior\WriteHtmlCacheBehavior [ RunTime:0.000000s ]
INFO: [ view_filter ] --END-- [ RunTime:0.000000s ]
INFO: [ app_end ] --START--
INFO: Run Behavior\ShowPageTraceBehavior [ RunTime:0.000000s ]
INFO: [ app_end ] --END-- [ RunTime:0.000000s ]

[ 2017-12-25T13:52:29+08:00 ] 124.93.196.8 /web/haval/index.php/Admin/Index/brondlist.html
INFO: [ app_init ] --START--
INFO: Run Behavior\BuildLiteBehavior [ RunTime:0.000000s ]
INFO: [ app_init ] --END-- [ RunTime:0.000000s ]
INFO: [ app_begin ] --START--
INFO: Run Behavior\ReadHtmlCacheBehavior [ RunTime:0.000000s ]
INFO: [ app_begin ] --END-- [ RunTime:0.000000s ]
SQL: SHOW COLUMNS FROM `sw_carbrand` [ RunTime:0.0000s ]
SQL: SELECT COUNT(*) AS tp_count FROM `sw_carbrand` LIMIT 1   [ RunTime:0.0000s ]
SQL: SELECT * FROM `sw_carbrand` LIMIT 0,10   [ RunTime:0.0000s ]
INFO: [ view_parse ] --START--
INFO: [ template_filter ] --START--
INFO: Run Behavior\ContentReplaceBehavior [ RunTime:0.000000s ]
INFO: [ template_filter ] --END-- [ RunTime:0.000000s ]
INFO: Run Behavior\ParseTemplateBehavior [ RunTime:0.015625s ]
INFO: [ view_parse ] --END-- [ RunTime:0.015625s ]
INFO: [ view_filter ] --START--
INFO: Run Behavior\WriteHtmlCacheBehavior [ RunTime:0.000000s ]
INFO: [ view_filter ] --END-- [ RunTime:0.000000s ]
INFO: [ app_end ] --START--
INFO: Run Behavior\ShowPageTraceBehavior [ RunTime:0.000000s ]
INFO: [ app_end ] --END-- [ RunTime:0.000000s ]

[ 2017-12-25T13:52:31+08:00 ] 124.93.196.8 /web/haval/index.php/Admin/Index/delbrand?id=6
INFO: [ app_init ] --START--
INFO: Run Behavior\BuildLiteBehavior [ RunTime:0.000000s ]
INFO: [ app_init ] --END-- [ RunTime:0.000000s ]
INFO: [ app_begin ] --START--
INFO: Run Behavior\ReadHtmlCacheBehavior [ RunTime:0.000000s ]
INFO: [ app_begin ] --END-- [ RunTime:0.000000s ]
SQL: SHOW COLUMNS FROM `sw_carbrand` [ RunTime:0.0156s ]
SQL: DELETE FROM `sw_carbrand` WHERE `id` = 6 [ RunTime:0.0000s ]
INFO: [ view_parse ] --START--
INFO: [ template_filter ] --START--
INFO: Run Behavior\ContentReplaceBehavior [ RunTime:0.000000s ]
INFO: [ template_filter ] --END-- [ RunTime:0.000000s ]
INFO: Run Behavior\ParseTemplateBehavior [ RunTime:0.000000s ]
INFO: [ view_parse ] --END-- [ RunTime:0.000000s ]
INFO: [ view_filter ] --START--
INFO: Run Behavior\WriteHtmlCacheBehavior [ RunTime:0.000000s ]
INFO: [ view_filter ] --END-- [ RunTime:0.000000s ]
INFO: [ app_end ] --START--
INFO: Run Behavior\ShowPageTraceBehavior [ RunTime:0.000000s ]
INFO: [ app_end ] --END-- [ RunTime:0.000000s ]

[ 2017-12-25T13:52:32+08:00 ] 124.93.196.8 /web/haval/index.php/Admin/Index/brondlist.html
INFO: [ app_init ] --START--
INFO: Run Behavior\BuildLiteBehavior [ RunTime:0.000000s ]
INFO: [ app_init ] --END-- [ RunTime:0.000000s ]
INFO: [ app_begin ] --START--
INFO: Run Behavior\ReadHtmlCacheBehavior [ RunTime:0.000000s ]
INFO: [ app_begin ] --END-- [ RunTime:0.000000s ]
SQL: SHOW COLUMNS FROM `sw_carbrand` [ RunTime:0.0000s ]
SQL: SELECT COUNT(*) AS tp_count FROM `sw_carbrand` LIMIT 1   [ RunTime:0.0000s ]
SQL: SELECT * FROM `sw_carbrand` LIMIT 0,10   [ RunTime:0.0000s ]
INFO: [ view_parse ] --START--
INFO: [ template_filter ] --START--
INFO: Run Behavior\ContentReplaceBehavior [ RunTime:0.000000s ]
INFO: [ template_filter ] --END-- [ RunTime:0.000000s ]
INFO: Run Behavior\ParseTemplateBehavior [ RunTime:0.015625s ]
INFO: [ view_parse ] --END-- [ RunTime:0.015625s ]
INFO: [ view_filter ] --START--
INFO: Run Behavior\WriteHtmlCacheBehavior [ RunTime:0.000000s ]
INFO: [ view_filter ] --END-- [ RunTime:0.000000s ]
INFO: [ app_end ] --START--
INFO: Run Behavior\ShowPageTraceBehavior [ RunTime:0.000000s ]
INFO: [ app_end ] --END-- [ RunTime:0.000000s ]

[ 2017-12-25T13:52:34+08:00 ] 124.93.196.8 /web/haval/index.php/Admin/Index/delbrand?id=5
INFO: [ app_init ] --START--
INFO: Run Behavior\BuildLiteBehavior [ RunTime:0.000000s ]
INFO: [ app_init ] --END-- [ RunTime:0.000000s ]
INFO: [ app_begin ] --START--
INFO: Run Behavior\ReadHtmlCacheBehavior [ RunTime:0.000000s ]
INFO: [ app_begin ] --END-- [ RunTime:0.000000s ]
SQL: SHOW COLUMNS FROM `sw_carbrand` [ RunTime:0.0000s ]
SQL: DELETE FROM `sw_carbrand` WHERE `id` = 5 [ RunTime:0.0000s ]
INFO: [ view_parse ] --START--
INFO: [ template_filter ] --START--
INFO: Run Behavior\ContentReplaceBehavior [ RunTime:0.000000s ]
INFO: [ template_filter ] --END-- [ RunTime:0.000000s ]
INFO: Run Behavior\ParseTemplateBehavior [ RunTime:0.015625s ]
INFO: [ view_parse ] --END-- [ RunTime:0.015625s ]
INFO: [ view_filter ] --START--
INFO: Run Behavior\WriteHtmlCacheBehavior [ RunTime:0.000000s ]
INFO: [ view_filter ] --END-- [ RunTime:0.000000s ]
INFO: [ app_end ] --START--
INFO: Run Behavior\ShowPageTraceBehavior [ RunTime:0.000000s ]
INFO: [ app_end ] --END-- [ RunTime:0.000000s ]

[ 2017-12-25T13:52:35+08:00 ] 124.93.196.8 /web/haval/index.php/Admin/Index/brondlist.html
INFO: [ app_init ] --START--
INFO: Run Behavior\BuildLiteBehavior [ RunTime:0.000000s ]
INFO: [ app_init ] --END-- [ RunTime:0.000000s ]
INFO: [ app_begin ] --START--
INFO: Run Behavior\ReadHtmlCacheBehavior [ RunTime:0.000000s ]
INFO: [ app_begin ] --END-- [ RunTime:0.000000s ]
SQL: SHOW COLUMNS FROM `sw_carbrand` [ RunTime:0.0000s ]
SQL: SELECT COUNT(*) AS tp_count FROM `sw_carbrand` LIMIT 1   [ RunTime:0.0000s ]
SQL: SELECT * FROM `sw_carbrand` LIMIT 0,10   [ RunTime:0.0000s ]
INFO: [ view_parse ] --START--
INFO: [ template_filter ] --START--
INFO: Run Behavior\ContentReplaceBehavior [ RunTime:0.000000s ]
INFO: [ template_filter ] --END-- [ RunTime:0.000000s ]
INFO: Run Behavior\ParseTemplateBehavior [ RunTime:0.015625s ]
INFO: [ view_parse ] --END-- [ RunTime:0.015625s ]
INFO: [ view_filter ] --START--
INFO: Run Behavior\WriteHtmlCacheBehavior [ RunTime:0.000000s ]
INFO: [ view_filter ] --END-- [ RunTime:0.000000s ]
INFO: [ app_end ] --START--
INFO: Run Behavior\ShowPageTraceBehavior [ RunTime:0.000000s ]
INFO: [ app_end ] --END-- [ RunTime:0.000000s ]

[ 2017-12-25T14:04:30+08:00 ] 124.93.196.8 /web/haval/index.php/Admin/Index/userlist.html
INFO: [ app_init ] --START--
INFO: Run Behavior\BuildLiteBehavior [ RunTime:0.000000s ]
INFO: [ app_init ] --END-- [ RunTime:0.000000s ]
INFO: [ app_begin ] --START--
INFO: Run Behavior\ReadHtmlCacheBehavior [ RunTime:0.000000s ]
INFO: [ app_begin ] --END-- [ RunTime:0.000000s ]
SQL: SHOW COLUMNS FROM `sw_user` [ RunTime:0.0156s ]
SQL: SELECT COUNT(*) AS tp_count FROM `sw_user` LIMIT 1   [ RunTime:0.0000s ]
SQL: SELECT * FROM `sw_user` LIMIT 0,10   [ RunTime:0.0000s ]
INFO: [ view_parse ] --START--
INFO: [ template_filter ] --START--
INFO: Run Behavior\ContentReplaceBehavior [ RunTime:0.000000s ]
INFO: [ template_filter ] --END-- [ RunTime:0.000000s ]
INFO: Run Behavior\ParseTemplateBehavior [ RunTime:0.015625s ]
INFO: [ view_parse ] --END-- [ RunTime:0.015625s ]
INFO: [ view_filter ] --START--
INFO: Run Behavior\WriteHtmlCacheBehavior [ RunTime:0.000000s ]
INFO: [ view_filter ] --END-- [ RunTime:0.000000s ]
INFO: [ app_end ] --START--
INFO: Run Behavior\ShowPageTraceBehavior [ RunTime:0.000000s ]
INFO: [ app_end ] --END-- [ RunTime:0.000000s ]

[ 2017-12-25T14:04:36+08:00 ] 124.93.196.8 /web/haval/index.php/Admin/Index/addcomponents.html
INFO: [ app_init ] --START--
INFO: Run Behavior\BuildLiteBehavior [ RunTime:0.000000s ]
INFO: [ app_init ] --END-- [ RunTime:0.000000s ]
INFO: [ app_begin ] --START--
INFO: Run Behavior\ReadHtmlCacheBehavior [ RunTime:0.000000s ]
INFO: [ app_begin ] --END-- [ RunTime:0.000000s ]
INFO: [ view_parse ] --START--
INFO: [ template_filter ] --START--
INFO: Run Behavior\ContentReplaceBehavior [ RunTime:0.000000s ]
INFO: [ template_filter ] --END-- [ RunTime:0.000000s ]
INFO: Run Behavior\ParseTemplateBehavior [ RunTime:0.015625s ]
INFO: [ view_parse ] --END-- [ RunTime:0.015625s ]
INFO: [ view_filter ] --START--
INFO: Run Behavior\WriteHtmlCacheBehavior [ RunTime:0.000000s ]
INFO: [ view_filter ] --END-- [ RunTime:0.000000s ]
INFO: [ app_end ] --START--
INFO: Run Behavior\ShowPageTraceBehavior [ RunTime:0.000000s ]
INFO: [ app_end ] --END-- [ RunTime:0.000000s ]

[ 2017-12-25T14:04:40+08:00 ] 124.93.196.8 /web/haval/index.php/Admin/Index/brondlist.html
INFO: [ app_init ] --START--
INFO: Run Behavior\BuildLiteBehavior [ RunTime:0.000000s ]
INFO: [ app_init ] --END-- [ RunTime:0.000000s ]
INFO: [ app_begin ] --START--
INFO: Run Behavior\ReadHtmlCacheBehavior [ RunTime:0.000000s ]
INFO: [ app_begin ] --END-- [ RunTime:0.000000s ]
SQL: SHOW COLUMNS FROM `sw_carbrand` [ RunTime:0.0156s ]
SQL: SELECT COUNT(*) AS tp_count FROM `sw_carbrand` LIMIT 1   [ RunTime:0.0000s ]
SQL: SELECT * FROM `sw_carbrand` LIMIT 0,10   [ RunTime:0.0000s ]
INFO: [ view_parse ] --START--
INFO: [ template_filter ] --START--
INFO: Run Behavior\ContentReplaceBehavior [ RunTime:0.000000s ]
INFO: [ template_filter ] --END-- [ RunTime:0.000000s ]
INFO: Run Behavior\ParseTemplateBehavior [ RunTime:0.015625s ]
INFO: [ view_parse ] --END-- [ RunTime:0.015625s ]
INFO: [ view_filter ] --START--
INFO: Run Behavior\WriteHtmlCacheBehavior [ RunTime:0.000000s ]
INFO: [ view_filter ] --END-- [ RunTime:0.000000s ]
INFO: [ app_end ] --START--
INFO: Run Behavior\ShowPageTraceBehavior [ RunTime:0.000000s ]
INFO: [ app_end ] --END-- [ RunTime:0.000000s ]

[ 2017-12-25T14:04:44+08:00 ] 124.93.196.8 /web/haval/index.php/Admin/Index/carmodel?id=11
INFO: [ app_init ] --START--
INFO: Run Behavior\BuildLiteBehavior [ RunTime:0.000000s ]
INFO: [ app_init ] --END-- [ RunTime:0.000000s ]
INFO: [ app_begin ] --START--
INFO: Run Behavior\ReadHtmlCacheBehavior [ RunTime:0.000000s ]
INFO: [ app_begin ] --END-- [ RunTime:0.000000s ]
SQL: SHOW COLUMNS FROM `sw_carbrand` [ RunTime:0.0000s ]
SQL: SELECT * FROM `sw_carbrand` WHERE ( id='11' ) LIMIT 1   [ RunTime:0.0000s ]
INFO: [ view_parse ] --START--
INFO: [ template_filter ] --START--
INFO: Run Behavior\ContentReplaceBehavior [ RunTime:0.000000s ]
INFO: [ template_filter ] --END-- [ RunTime:0.000000s ]
INFO: Run Behavior\ParseTemplateBehavior [ RunTime:0.015625s ]
INFO: [ view_parse ] --END-- [ RunTime:0.015625s ]
INFO: [ view_filter ] --START--
INFO: Run Behavior\WriteHtmlCacheBehavior [ RunTime:0.000000s ]
INFO: [ view_filter ] --END-- [ RunTime:0.000000s ]
INFO: [ app_end ] --START--
INFO: Run Behavior\ShowPageTraceBehavior [ RunTime:0.000000s ]
INFO: [ app_end ] --END-- [ RunTime:0.000000s ]

[ 2017-12-25T14:04:47+08:00 ] 124.93.196.8 /web/haval/index.php/Admin/Index/addcarmodel
INFO: [ app_init ] --START--
INFO: Run Behavior\BuildLiteBehavior [ RunTime:0.000000s ]
INFO: [ app_init ] --END-- [ RunTime:0.000000s ]
INFO: [ app_begin ] --START--
INFO: Run Behavior\ReadHtmlCacheBehavior [ RunTime:0.000000s ]
INFO: [ app_begin ] --END-- [ RunTime:0.000000s ]
SQL: SHOW COLUMNS FROM `sw_carmodel` [ RunTime:0.0000s ]
NOTIC: [8] Undefined index: validate D:\WWW\haval\web\haval\ThinkPHP\Library\Think\Model.class.php 第 1185 行.
NOTIC: [8] Undefined index: auto D:\WWW\haval\web\haval\ThinkPHP\Library\Think\Model.class.php 第 1128 行.
SQL: INSERT INTO `sw_carmodel` (`modelname`,`bid`) VALUES ('444','11') [ RunTime:0.0000s ]
INFO: [ view_parse ] --START--
INFO: [ template_filter ] --START--
INFO: Run Behavior\ContentReplaceBehavior [ RunTime:0.000000s ]
INFO: [ template_filter ] --END-- [ RunTime:0.000000s ]
INFO: Run Behavior\ParseTemplateBehavior [ RunTime:0.000000s ]
INFO: [ view_parse ] --END-- [ RunTime:0.000000s ]
INFO: [ view_filter ] --START--
INFO: Run Behavior\WriteHtmlCacheBehavior [ RunTime:0.000000s ]
INFO: [ view_filter ] --END-- [ RunTime:0.000000s ]
INFO: [ app_end ] --START--
INFO: Run Behavior\ShowPageTraceBehavior [ RunTime:0.015625s ]
INFO: [ app_end ] --END-- [ RunTime:0.015625s ]

[ 2017-12-25T14:04:48+08:00 ] 124.93.196.8 /web/haval/index.php/Admin/Index/carmodel?id=11
INFO: [ app_init ] --START--
INFO: Run Behavior\BuildLiteBehavior [ RunTime:0.000000s ]
INFO: [ app_init ] --END-- [ RunTime:0.000000s ]
INFO: [ app_begin ] --START--
INFO: Run Behavior\ReadHtmlCacheBehavior [ RunTime:0.000000s ]
INFO: [ app_begin ] --END-- [ RunTime:0.000000s ]
SQL: SHOW COLUMNS FROM `sw_carbrand` [ RunTime:0.0000s ]
SQL: SELECT * FROM `sw_carbrand` WHERE ( id='11' ) LIMIT 1   [ RunTime:0.0000s ]
INFO: [ view_parse ] --START--
INFO: [ template_filter ] --START--
INFO: Run Behavior\ContentReplaceBehavior [ RunTime:0.000000s ]
INFO: [ template_filter ] --END-- [ RunTime:0.000000s ]
INFO: Run Behavior\ParseTemplateBehavior [ RunTime:0.005859s ]
INFO: [ view_parse ] --END-- [ RunTime:0.005859s ]
INFO: [ view_filter ] --START--
INFO: Run Behavior\WriteHtmlCacheBehavior [ RunTime:0.000000s ]
INFO: [ view_filter ] --END-- [ RunTime:0.000000s ]
INFO: [ app_end ] --START--
INFO: Run Behavior\ShowPageTraceBehavior [ RunTime:0.000000s ]
INFO: [ app_end ] --END-- [ RunTime:0.000000s ]

[ 2017-12-25T14:04:52+08:00 ] 124.93.196.8 /web/haval/index.php/Admin/Index/form-amazeui.html
INFO: [ app_init ] --START--
INFO: Run Behavior\BuildLiteBehavior [ RunTime:0.000000s ]
INFO: [ app_init ] --END-- [ RunTime:0.000000s ]
INFO: [ app_begin ] --START--
INFO: Run Behavior\ReadHtmlCacheBehavior [ RunTime:0.000000s ]
INFO: [ app_begin ] --END-- [ RunTime:0.000000s ]
INFO: [ view_parse ] --START--
INFO: [ template_filter ] --START--
INFO: Run Behavior\ContentReplaceBehavior [ RunTime:0.000000s ]
INFO: [ template_filter ] --END-- [ RunTime:0.000000s ]
INFO: Run Behavior\ParseTemplateBehavior [ RunTime:0.015625s ]
INFO: [ view_parse ] --END-- [ RunTime:0.015625s ]
INFO: [ view_filter ] --START--
INFO: Run Behavior\WriteHtmlCacheBehavior [ RunTime:0.000000s ]
INFO: [ view_filter ] --END-- [ RunTime:0.000000s ]
INFO: [ app_end ] --START--
INFO: Run Behavior\ShowPageTraceBehavior [ RunTime:0.000000s ]
INFO: [ app_end ] --END-- [ RunTime:0.000000s ]

[ 2017-12-25T14:04:53+08:00 ] 124.93.196.8 /web/haval/index.php/Admin/Index/brondlist.html
INFO: [ app_init ] --START--
INFO: Run Behavior\BuildLiteBehavior [ RunTime:0.000000s ]
INFO: [ app_init ] --END-- [ RunTime:0.000000s ]
INFO: [ app_begin ] --START--
INFO: Run Behavior\ReadHtmlCacheBehavior [ RunTime:0.000000s ]
INFO: [ app_begin ] --END-- [ RunTime:0.000000s ]
SQL: SHOW COLUMNS FROM `sw_carbrand` [ RunTime:0.0000s ]
SQL: SELECT COUNT(*) AS tp_count FROM `sw_carbrand` LIMIT 1   [ RunTime:0.0000s ]
SQL: SELECT * FROM `sw_carbrand` LIMIT 0,10   [ RunTime:0.0000s ]
INFO: [ view_parse ] --START--
INFO: [ template_filter ] --START--
INFO: Run Behavior\ContentReplaceBehavior [ RunTime:0.000000s ]
INFO: [ template_filter ] --END-- [ RunTime:0.000000s ]
INFO: Run Behavior\ParseTemplateBehavior [ RunTime:0.015625s ]
INFO: [ view_parse ] --END-- [ RunTime:0.015625s ]
INFO: [ view_filter ] --START--
INFO: Run Behavior\WriteHtmlCacheBehavior [ RunTime:0.000000s ]
INFO: [ view_filter ] --END-- [ RunTime:0.000000s ]
INFO: [ app_end ] --START--
INFO: Run Behavior\ShowPageTraceBehavior [ RunTime:0.000000s ]
INFO: [ app_end ] --END-- [ RunTime:0.000000s ]

[ 2017-12-25T14:04:56+08:00 ] 124.93.196.8 /web/haval/index.php/Admin/Index/modellist?id=11
INFO: [ app_init ] --START--
INFO: Run Behavior\BuildLiteBehavior [ RunTime:0.000000s ]
INFO: [ app_init ] --END-- [ RunTime:0.000000s ]
INFO: [ app_begin ] --START--
INFO: Run Behavior\ReadHtmlCacheBehavior [ RunTime:0.000000s ]
INFO: [ app_begin ] --END-- [ RunTime:0.000000s ]
SQL: SHOW COLUMNS FROM `sw_carbrand` [ RunTime:0.0000s ]
SQL: SELECT * FROM `sw_carbrand` WHERE ( id='11' ) LIMIT 1   [ RunTime:0.0000s ]
SQL: SHOW COLUMNS FROM `sw_carmodel` [ RunTime:0.0000s ]
SQL: SELECT COUNT(*) AS tp_count FROM `sw_carmodel` WHERE ( bid='11' ) LIMIT 1   [ RunTime:0.0000s ]
SQL: SELECT * FROM `sw_carmodel` WHERE ( bid='11' ) LIMIT 0,10   [ RunTime:0.0000s ]
INFO: [ view_parse ] --START--
INFO: [ template_filter ] --START--
INFO: Run Behavior\ContentReplaceBehavior [ RunTime:0.000000s ]
INFO: [ template_filter ] --END-- [ RunTime:0.000000s ]
INFO: Run Behavior\ParseTemplateBehavior [ RunTime:0.031250s ]
INFO: [ view_parse ] --END-- [ RunTime:0.031250s ]
INFO: [ view_filter ] --START--
INFO: Run Behavior\WriteHtmlCacheBehavior [ RunTime:0.000000s ]
INFO: [ view_filter ] --END-- [ RunTime:0.000000s ]
INFO: [ app_end ] --START--
INFO: Run Behavior\ShowPageTraceBehavior [ RunTime:0.000000s ]
INFO: [ app_end ] --END-- [ RunTime:0.000000s ]

[ 2017-12-25T14:04:58+08:00 ] 124.93.196.8 /web/haval/index.php/Admin/Index/displacement?id=6
INFO: [ app_init ] --START--
INFO: Run Behavior\BuildLiteBehavior [ RunTime:0.000000s ]
INFO: [ app_init ] --END-- [ RunTime:0.000000s ]
INFO: [ app_begin ] --START--
INFO: Run Behavior\ReadHtmlCacheBehavior [ RunTime:0.000000s ]
INFO: [ app_begin ] --END-- [ RunTime:0.000000s ]
SQL: SHOW COLUMNS FROM `sw_carmodel` [ RunTime:0.0000s ]
SQL: SELECT * FROM `sw_carmodel` WHERE ( mid='6' ) LIMIT 1   [ RunTime:0.0000s ]
INFO: [ view_parse ] --START--
INFO: [ template_filter ] --START--
INFO: Run Behavior\ContentReplaceBehavior [ RunTime:0.000000s ]
INFO: [ template_filter ] --END-- [ RunTime:0.000000s ]
INFO: Run Behavior\ParseTemplateBehavior [ RunTime:0.031250s ]
INFO: [ view_parse ] --END-- [ RunTime:0.031250s ]
INFO: [ view_filter ] --START--
INFO: Run Behavior\WriteHtmlCacheBehavior [ RunTime:0.000000s ]
INFO: [ view_filter ] --END-- [ RunTime:0.000000s ]
INFO: [ app_end ] --START--
INFO: Run Behavior\ShowPageTraceBehavior [ RunTime:0.000000s ]
INFO: [ app_end ] --END-- [ RunTime:0.000000s ]

[ 2017-12-25T14:05:00+08:00 ] 124.93.196.8 /web/haval/index.php/Admin/Index/adddisplacement
INFO: [ app_init ] --START--
INFO: Run Behavior\BuildLiteBehavior [ RunTime:0.000000s ]
INFO: [ app_init ] --END-- [ RunTime:0.000000s ]
INFO: [ app_begin ] --START--
INFO: Run Behavior\ReadHtmlCacheBehavior [ RunTime:0.000000s ]
INFO: [ app_begin ] --END-- [ RunTime:0.000000s ]
SQL: SHOW COLUMNS FROM `sw_displacement` [ RunTime:0.0000s ]
NOTIC: [8] Undefined index: validate D:\WWW\haval\web\haval\ThinkPHP\Library\Think\Model.class.php 第 1185 行.
NOTIC: [8] Undefined index: auto D:\WWW\haval\web\haval\ThinkPHP\Library\Think\Model.class.php 第 1128 行.
SQL: INSERT INTO `sw_displacement` (`displacementname`,`mid`) VALUES ('34444','6') [ RunTime:0.0000s ]
INFO: [ view_parse ] --START--
INFO: [ template_filter ] --START--
INFO: Run Behavior\ContentReplaceBehavior [ RunTime:0.000000s ]
INFO: [ template_filter ] --END-- [ RunTime:0.000000s ]
INFO: Run Behavior\ParseTemplateBehavior [ RunTime:0.015625s ]
INFO: [ view_parse ] --END-- [ RunTime:0.015625s ]
INFO: [ view_filter ] --START--
INFO: Run Behavior\WriteHtmlCacheBehavior [ RunTime:0.000000s ]
INFO: [ view_filter ] --END-- [ RunTime:0.000000s ]
INFO: [ app_end ] --START--
INFO: Run Behavior\ShowPageTraceBehavior [ RunTime:0.000000s ]
INFO: [ app_end ] --END-- [ RunTime:0.000000s ]

[ 2017-12-25T14:05:01+08:00 ] 124.93.196.8 /web/haval/index.php/Admin/Index/displacement?id=6
INFO: [ app_init ] --START--
INFO: Run Behavior\BuildLiteBehavior [ RunTime:0.000000s ]
INFO: [ app_init ] --END-- [ RunTime:0.000000s ]
INFO: [ app_begin ] --START--
INFO: Run Behavior\ReadHtmlCacheBehavior [ RunTime:0.000000s ]
INFO: [ app_begin ] --END-- [ RunTime:0.000000s ]
SQL: SHOW COLUMNS FROM `sw_carmodel` [ RunTime:0.0000s ]
SQL: SELECT * FROM `sw_carmodel` WHERE ( mid='6' ) LIMIT 1   [ RunTime:0.0000s ]
INFO: [ view_parse ] --START--
INFO: [ template_filter ] --START--
INFO: Run Behavior\ContentReplaceBehavior [ RunTime:0.000000s ]
INFO: [ template_filter ] --END-- [ RunTime:0.000000s ]
INFO: Run Behavior\ParseTemplateBehavior [ RunTime:0.015625s ]
INFO: [ view_parse ] --END-- [ RunTime:0.015625s ]
INFO: [ view_filter ] --START--
INFO: Run Behavior\WriteHtmlCacheBehavior [ RunTime:0.000000s ]
INFO: [ view_filter ] --END-- [ RunTime:0.000000s ]
INFO: [ app_end ] --START--
INFO: Run Behavior\ShowPageTraceBehavior [ RunTime:0.000000s ]
INFO: [ app_end ] --END-- [ RunTime:0.000000s ]

[ 2017-12-25T14:05:05+08:00 ] 124.93.196.8 /web/haval/index.php/Admin/Index/displacementlist?id=6
INFO: [ app_init ] --START--
INFO: Run Behavior\BuildLiteBehavior [ RunTime:0.000000s ]
INFO: [ app_init ] --END-- [ RunTime:0.000000s ]
INFO: [ app_begin ] --START--
INFO: Run Behavior\ReadHtmlCacheBehavior [ RunTime:0.000976s ]
INFO: [ app_begin ] --END-- [ RunTime:0.000976s ]
SQL: SHOW COLUMNS FROM `sw_carmodel` [ RunTime:0.0049s ]
SQL: SELECT * FROM `sw_carmodel` WHERE ( mid='6' ) LIMIT 1   [ RunTime:0.0000s ]
SQL: SHOW COLUMNS FROM `sw_displacement` [ RunTime:0.0059s ]
SQL: SELECT COUNT(*) AS tp_count FROM `sw_displacement` WHERE ( mid='6' ) LIMIT 1   [ RunTime:0.0000s ]
SQL: SELECT * FROM `sw_displacement` WHERE ( mid='6' ) LIMIT 0,10   [ RunTime:0.0000s ]
INFO: [ view_parse ] --START--
INFO: [ template_filter ] --START--
INFO: Run Behavior\ContentReplaceBehavior [ RunTime:0.000000s ]
INFO: [ template_filter ] --END-- [ RunTime:0.000000s ]
INFO: Run Behavior\ParseTemplateBehavior [ RunTime:0.026366s ]
INFO: [ view_parse ] --END-- [ RunTime:0.026366s ]
INFO: [ view_filter ] --START--
INFO: Run Behavior\WriteHtmlCacheBehavior [ RunTime:0.000976s ]
INFO: [ view_filter ] --END-- [ RunTime:0.000976s ]
INFO: [ app_end ] --START--
INFO: Run Behavior\ShowPageTraceBehavior [ RunTime:0.000000s ]
INFO: [ app_end ] --END-- [ RunTime:0.000000s ]

[ 2017-12-25T14:16:03+08:00 ] 124.93.196.8 /web/haval/index.php/Admin/Index/bjyuyue.html
INFO: [ app_init ] --START--
INFO: Run Behavior\BuildLiteBehavior [ RunTime:0.000000s ]
INFO: [ app_init ] --END-- [ RunTime:0.000000s ]
INFO: [ app_begin ] --START--
INFO: Run Behavior\ReadHtmlCacheBehavior [ RunTime:0.000000s ]
INFO: [ app_begin ] --END-- [ RunTime:0.000000s ]
SQL: SHOW COLUMNS FROM `sw_bjprice` [ RunTime:0.0000s ]
SQL: SHOW COLUMNS FROM `sw_displacement` [ RunTime:0.0000s ]
SQL: SHOW COLUMNS FROM `sw_carbrand` [ RunTime:0.0156s ]
SQL: SELECT * FROM sw_carbrand carbrand,sw_carmodel carmodel,sw_displacement displacement,sw_ybj ybj WHERE ( carbrand.id=carmodel.bid  and carmodel.mid =displacement.mid and ybj.did=displacement.did and zhuangtai!=0 ) ORDER BY ybid desc  [ RunTime:0.0000s ]
SQL: SELECT `qbxg`,`yqyzb`,`fdjcg`,`hbxg` FROM `sw_bjprice` WHERE ( did='4' )  [ RunTime:0.0000s ]
SQL: SELECT `fdjcg`,`qbxg`,`zqyzb` FROM `sw_bjprice` WHERE ( did='4' )  [ RunTime:0.0000s ]
INFO: [ view_parse ] --START--
INFO: [ template_filter ] --START--
INFO: Run Behavior\ContentReplaceBehavior [ RunTime:0.000000s ]
INFO: [ template_filter ] --END-- [ RunTime:0.000000s ]
NOTIC: [8] Undefined index: zqyzb D:\WWW\haval\web\haval\Application\Runtime\Cache\Admin\e973eecb246bc6e9f7283eea6f77be42.php 第 293 行.
NOTIC: [8] Undefined index: zddb D:\WWW\haval\web\haval\Application\Runtime\Cache\Admin\e973eecb246bc6e9f7283eea6f77be42.php 第 295 行.
NOTIC: [8] Undefined index: zfgj D:\WWW\haval\web\haval\Application\Runtime\Cache\Admin\e973eecb246bc6e9f7283eea6f77be42.php 第 296 行.
NOTIC: [8] Undefined index: yfgj D:\WWW\haval\web\haval\Application\Runtime\Cache\Admin\e973eecb246bc6e9f7283eea6f77be42.php 第 297 行.
NOTIC: [8] Undefined index: zqm D:\WWW\haval\web\haval\Application\Runtime\Cache\Admin\e973eecb246bc6e9f7283eea6f77be42.php 第 298 行.
NOTIC: [8] Undefined index: yqm D:\WWW\haval\web\haval\Application\Runtime\Cache\Admin\e973eecb246bc6e9f7283eea6f77be42.php 第 299 行.
NOTIC: [8] Undefined index: cd D:\WWW\haval\web\haval\Application\Runtime\Cache\Admin\e973eecb246bc6e9f7283eea6f77be42.php 第 300 行.
NOTIC: [8] Undefined index: yhm D:\WWW\haval\web\haval\Application\Runtime\Cache\Admin\e973eecb246bc6e9f7283eea6f77be42.php 第 301 行.
NOTIC: [8] Undefined index: xlxg D:\WWW\haval\web\haval\Application\Runtime\Cache\Admin\e973eecb246bc6e9f7283eea6f77be42.php 第 302 行.
NOTIC: [8] Undefined index: zhyzb D:\WWW\haval\web\haval\Application\Runtime\Cache\Admin\e973eecb246bc6e9f7283eea6f77be42.php 第 303 行.
NOTIC: [8] Undefined index: yhyzb D:\WWW\haval\web\haval\Application\Runtime\Cache\Admin\e973eecb246bc6e9f7283eea6f77be42.php 第 304 行.
NOTIC: [8] Undefined index: yqyzb D:\WWW\haval\web\haval\Application\Runtime\Cache\Admin\e973eecb246bc6e9f7283eea6f77be42.php 第 294 行.
NOTIC: [8] Undefined index: zddb D:\WWW\haval\web\haval\Application\Runtime\Cache\Admin\e973eecb246bc6e9f7283eea6f77be42.php 第 295 行.
NOTIC: [8] Undefined index: zfgj D:\WWW\haval\web\haval\Application\Runtime\Cache\Admin\e973eecb246bc6e9f7283eea6f77be42.php 第 296 行.
NOTIC: [8] Undefined index: yfgj D:\WWW\haval\web\haval\Application\Runtime\Cache\Admin\e973eecb246bc6e9f7283eea6f77be42.php 第 297 行.
NOTIC: [8] Undefined index: zqm D:\WWW\haval\web\haval\Application\Runtime\Cache\Admin\e973eecb246bc6e9f7283eea6f77be42.php 第 298 行.
NOTIC: [8] Undefined index: yqm D:\WWW\haval\web\haval\Application\Runtime\Cache\Admin\e973eecb246bc6e9f7283eea6f77be42.php 第 299 行.
NOTIC: [8] Undefined index: cd D:\WWW\haval\web\haval\Application\Runtime\Cache\Admin\e973eecb246bc6e9f7283eea6f77be42.php 第 300 行.
NOTIC: [8] Undefined index: yhm D:\WWW\haval\web\haval\Application\Runtime\Cache\Admin\e973eecb246bc6e9f7283eea6f77be42.php 第 301 行.
NOTIC: [8] Undefined index: xlxg D:\WWW\haval\web\haval\Application\Runtime\Cache\Admin\e973eecb246bc6e9f7283eea6f77be42.php 第 302 行.
NOTIC: [8] Undefined index: zhyzb D:\WWW\haval\web\haval\Application\Runtime\Cache\Admin\e973eecb246bc6e9f7283eea6f77be42.php 第 303 行.
NOTIC: [8] Undefined index: yhyzb D:\WWW\haval\web\haval\Application\Runtime\Cache\Admin\e973eecb246bc6e9f7283eea6f77be42.php 第 304 行.
NOTIC: [8] Undefined index: hbxg D:\WWW\haval\web\haval\Application\Runtime\Cache\Admin\e973eecb246bc6e9f7283eea6f77be42.php 第 305 行.
NOTIC: [8] Undefined variable: page D:\WWW\haval\web\haval\Application\Runtime\Cache\Admin\e973eecb246bc6e9f7283eea6f77be42.php 第 324 行.
INFO: Run Behavior\ParseTemplateBehavior [ RunTime:0.031250s ]
INFO: [ view_parse ] --END-- [ RunTime:0.031250s ]
INFO: [ view_filter ] --START--
INFO: Run Behavior\WriteHtmlCacheBehavior [ RunTime:0.000000s ]
INFO: [ view_filter ] --END-- [ RunTime:0.000000s ]
INFO: [ app_end ] --START--
INFO: Run Behavior\ShowPageTraceBehavior [ RunTime:0.000000s ]
INFO: [ app_end ] --END-- [ RunTime:0.000000s ]

[ 2017-12-25T14:16:05+08:00 ] 124.93.196.8 /web/haval/index.php/Admin/Index/brondlist3
INFO: [ app_init ] --START--
INFO: Run Behavior\BuildLiteBehavior [ RunTime:0.000000s ]
INFO: [ app_init ] --END-- [ RunTime:0.000000s ]
INFO: [ app_begin ] --START--
INFO: Run Behavior\ReadHtmlCacheBehavior [ RunTime:0.000000s ]
INFO: [ app_begin ] --END-- [ RunTime:0.000000s ]
SQL: SHOW COLUMNS FROM `sw_carbrand` [ RunTime:0.0000s ]
SQL: SELECT COUNT(*) AS tp_count FROM `sw_carbrand` LIMIT 1   [ RunTime:0.0000s ]
SQL: SELECT * FROM `sw_carbrand` LIMIT 0,10   [ RunTime:0.0000s ]
INFO: [ view_parse ] --START--
INFO: [ template_filter ] --START--
INFO: Run Behavior\ContentReplaceBehavior [ RunTime:0.000000s ]
INFO: [ template_filter ] --END-- [ RunTime:0.000000s ]
INFO: Run Behavior\ParseTemplateBehavior [ RunTime:0.015625s ]
INFO: [ view_parse ] --END-- [ RunTime:0.015625s ]
INFO: [ view_filter ] --START--
INFO: Run Behavior\WriteHtmlCacheBehavior [ RunTime:0.000000s ]
INFO: [ view_filter ] --END-- [ RunTime:0.000000s ]
INFO: [ app_end ] --START--
INFO: Run Behavior\ShowPageTraceBehavior [ RunTime:0.000000s ]
INFO: [ app_end ] --END-- [ RunTime:0.000000s ]

[ 2017-12-25T14:16:07+08:00 ] 124.93.196.8 /web/haval/index.php/Admin/Index/modellist3?id=2
INFO: [ app_init ] --START--
INFO: Run Behavior\BuildLiteBehavior [ RunTime:0.000000s ]
INFO: [ app_init ] --END-- [ RunTime:0.000000s ]
INFO: [ app_begin ] --START--
INFO: Run Behavior\ReadHtmlCacheBehavior [ RunTime:0.000000s ]
INFO: [ app_begin ] --END-- [ RunTime:0.000000s ]
SQL: SHOW COLUMNS FROM `sw_carbrand` [ RunTime:0.0000s ]
SQL: SELECT * FROM `sw_carbrand` WHERE ( id='2' ) LIMIT 1   [ RunTime:0.0000s ]
SQL: SHOW COLUMNS FROM `sw_carmodel` [ RunTime:0.0000s ]
SQL: SELECT COUNT(*) AS tp_count FROM `sw_carmodel` WHERE ( bid='2' ) LIMIT 1   [ RunTime:0.0000s ]
SQL: SELECT * FROM `sw_carmodel` WHERE ( bid='2' ) LIMIT 0,10   [ RunTime:0.0000s ]
INFO: [ view_parse ] --START--
INFO: [ template_filter ] --START--
INFO: Run Behavior\ContentReplaceBehavior [ RunTime:0.000000s ]
INFO: [ template_filter ] --END-- [ RunTime:0.000000s ]
INFO: Run Behavior\ParseTemplateBehavior [ RunTime:0.062500s ]
INFO: [ view_parse ] --END-- [ RunTime:0.062500s ]
INFO: [ view_filter ] --START--
INFO: Run Behavior\WriteHtmlCacheBehavior [ RunTime:0.000000s ]
INFO: [ view_filter ] --END-- [ RunTime:0.000000s ]
INFO: [ app_end ] --START--
INFO: Run Behavior\ShowPageTraceBehavior [ RunTime:0.000000s ]
INFO: [ app_end ] --END-- [ RunTime:0.000000s ]

[ 2017-12-25T14:16:08+08:00 ] 124.93.196.8 /web/haval/index.php/Admin/Index/displacementlist3?id=4
INFO: [ app_init ] --START--
INFO: Run Behavior\BuildLiteBehavior [ RunTime:0.000000s ]
INFO: [ app_init ] --END-- [ RunTime:0.000000s ]
INFO: [ app_begin ] --START--
INFO: Run Behavior\ReadHtmlCacheBehavior [ RunTime:0.015625s ]
INFO: [ app_begin ] --END-- [ RunTime:0.015625s ]
SQL: SHOW COLUMNS FROM `sw_carmodel` [ RunTime:0.0000s ]
SQL: SELECT * FROM `sw_carmodel` WHERE ( mid='4' ) LIMIT 1   [ RunTime:0.0000s ]
SQL: SHOW COLUMNS FROM `sw_displacement` [ RunTime:0.0000s ]
SQL: SELECT COUNT(*) AS tp_count FROM `sw_displacement` WHERE ( mid='4' ) LIMIT 1   [ RunTime:0.0000s ]
SQL: SELECT * FROM `sw_displacement` WHERE ( mid='4' ) LIMIT 0,10   [ RunTime:0.0000s ]
INFO: [ view_parse ] --START--
INFO: [ template_filter ] --START--
INFO: Run Behavior\ContentReplaceBehavior [ RunTime:0.000000s ]
INFO: [ template_filter ] --END-- [ RunTime:0.000000s ]
INFO: Run Behavior\ParseTemplateBehavior [ RunTime:0.015625s ]
INFO: [ view_parse ] --END-- [ RunTime:0.015625s ]
INFO: [ view_filter ] --START--
INFO: Run Behavior\WriteHtmlCacheBehavior [ RunTime:0.000000s ]
INFO: [ view_filter ] --END-- [ RunTime:0.000000s ]
INFO: [ app_end ] --START--
INFO: Run Behavior\ShowPageTraceBehavior [ RunTime:0.000000s ]
INFO: [ app_end ] --END-- [ RunTime:0.000000s ]

[ 2017-12-25T14:16:09+08:00 ] 124.93.196.8 /web/haval/index.php/Admin/Index/banjinpriceadd?id=4
INFO: [ app_init ] --START--
INFO: Run Behavior\BuildLiteBehavior [ RunTime:0.000000s ]
INFO: [ app_init ] --END-- [ RunTime:0.000000s ]
INFO: [ app_begin ] --START--
INFO: Run Behavior\ReadHtmlCacheBehavior [ RunTime:0.000000s ]
INFO: [ app_begin ] --END-- [ RunTime:0.000000s ]
SQL: SHOW COLUMNS FROM `sw_bjprice` [ RunTime:0.0156s ]
SQL: SELECT * FROM `sw_bjprice` WHERE ( did='4' ) LIMIT 1   [ RunTime:0.0000s ]
INFO: [ view_parse ] --START--
INFO: [ template_filter ] --START--
INFO: Run Behavior\ContentReplaceBehavior [ RunTime:0.000000s ]
INFO: [ template_filter ] --END-- [ RunTime:0.000000s ]
INFO: Run Behavior\ParseTemplateBehavior [ RunTime:0.015625s ]
INFO: [ view_parse ] --END-- [ RunTime:0.015625s ]
INFO: [ view_filter ] --START--
INFO: Run Behavior\WriteHtmlCacheBehavior [ RunTime:0.000000s ]
INFO: [ view_filter ] --END-- [ RunTime:0.000000s ]
INFO: [ app_end ] --START--
INFO: Run Behavior\ShowPageTraceBehavior [ RunTime:0.000000s ]
INFO: [ app_end ] --END-- [ RunTime:0.000000s ]

